Using pre-set license
Built from '2020.3/release' branch; Version is '2020.3.7f1 (dd97f2c94397) revision 14522354'; Using compiler version '192528614'; Build Type 'Release'
OS: 'Windows 10 Pro; OS build 19042.1110; Version 2009; 64bit' Language: 'ko' Physical Memory: 16333 MB
BatchMode: 1, IsHumanControllingUs: 0, StartBugReporterOnCrash: 0, Is64bit: 1, IsPro: 0

 COMMAND LINE ARGUMENTS:
E:\Development-Kit\unity-version\2020.3.7f1\Editor\Unity.exe
-adb2
-batchMode
-noUpm
-name
AssetImportWorker1
-projectPath
E:/Github/FromZombie
-logFile
Logs/AssetImportWorker1.log
-srvPort
3043
Successfully changed project path to: E:/Github/FromZombie
E:/Github/FromZombie
Using Asset Import Pipeline V2.
Refreshing native plugins compatible for Editor in 44.16 ms, found 1 plugins.
Preloading 0 native plugins for Editor in 0.00 ms.
Initialize engine version: 2020.3.7f1 (dd97f2c94397)
[Subsystems] Discovering subsystems at path E:/Development-Kit/unity-version/2020.3.7f1/Editor/Data/Resources/UnitySubsystems
[Subsystems] Discovering subsystems at path E:/Github/FromZombie/Assets
GfxDevice: creating device client; threaded=0
Direct3D:
    Version:  Direct3D 11.0 [level 11.1]
    Renderer: NVIDIA GeForce RTX 2060 (ID=0x1f08)
    Vendor:   
    VRAM:     5980 MB
    Driver:   30.0.14.7168
Initialize mono
Mono path[0] = 'E:/Development-Kit/unity-version/2020.3.7f1/Editor/Data/Managed'
Mono path[1] = 'E:/Development-Kit/unity-version/2020.3.7f1/Editor/Data/MonoBleedingEdge/lib/mono/unityjit'
Mono config path = 'E:/Development-Kit/unity-version/2020.3.7f1/Editor/Data/MonoBleedingEdge/etc'
Using monoOptions --debugger-agent=transport=dt_socket,embedding=1,server=y,suspend=n,address=127.0.0.1:56332
Begin MonoManager ReloadAssembly
Registering precompiled unity dll's ...
Register platform support module: E:/Development-Kit/unity-version/2020.3.7f1/Editor/Data/PlaybackEngines/WindowsStandaloneSupport/UnityEditor.WindowsStandalone.Extensions.dll
Registered in 0.001922 seconds.
Native extension for WindowsStandalone target not found
Refreshing native plugins compatible for Editor in 47.00 ms, found 1 plugins.
Preloading 0 native plugins for Editor in 0.00 ms.
Mono: successfully reloaded assembly
- Completed reload, in  1.463 seconds
Platform modules already initialized, skipping
Registering precompiled user dll's ...
Registered in 0.001204 seconds.
Begin MonoManager ReloadAssembly
Native extension for WindowsStandalone target not found
Refreshing native plugins compatible for Editor in 44.85 ms, found 1 plugins.
Preloading 0 native plugins for Editor in 0.00 ms.
Mono: successfully reloaded assembly
- Completed reload, in  1.480 seconds
Platform modules already initialized, skipping
========================================================================
Worker process is ready to serve import requests
Launched and connected shader compiler UnityShaderCompiler.exe after 0.23 seconds
Refreshing native plugins compatible for Editor in 0.76 ms, found 1 plugins.
Preloading 0 native plugins for Editor in 0.00 ms.
Unloading 1876 Unused Serialized files (Serialized files now loaded: 0)
System memory in use before: 87.5 MB.
System memory in use after: 87.5 MB.

Unloading 24 unused Assets to reduce memory usage. Loaded Objects now: 2320.
Total: 2.936700 ms (FindLiveObjects: 0.382900 ms CreateObjectMapping: 0.070500 ms MarkObjects: 2.339000 ms  DeleteObjects: 0.142400 ms)

========================================================================
Received Import Request.
  path: Assets/UI Images/Hp_Border/heartbeat4.png
  artifactKey: Guid(e04e92ca1d5c65f478cad6f19a1be741) Importer(815301076,1909f56bfc062723c751e8b465ee728b)
Start importing Assets/UI Images/Hp_Border/heartbeat4.png using Guid(e04e92ca1d5c65f478cad6f19a1be741) Importer(815301076,1909f56bfc062723c751e8b465ee728b)  -> (artifact id: 'd5301f4e8132e0b9084b4648b8188a14') in 0.294122 seconds
  Import took 0.351361 seconds .

========================================================================
Received Import Request.
  Time since last request: 0.000300 seconds.
  path: Assets/UI Images/Hp_Border/heartbeat6.png
  artifactKey: Guid(596d77bbddebdee4384a8f7740f99a6a) Importer(815301076,1909f56bfc062723c751e8b465ee728b)
Start importing Assets/UI Images/Hp_Border/heartbeat6.png using Guid(596d77bbddebdee4384a8f7740f99a6a) Importer(815301076,1909f56bfc062723c751e8b465ee728b)  -> (artifact id: '2e9f9d4b484924e18f1847f0770014b9') in 0.030664 seconds
  Import took 0.079164 seconds .

========================================================================
Received Import Request.
  Time since last request: 0.000228 seconds.
  path: Assets/UI Images/Hp_Border/heartbeat1.png
  artifactKey: Guid(d5c2f33d448a73b409fa8c91efe0edb8) Importer(815301076,1909f56bfc062723c751e8b465ee728b)
Start importing Assets/UI Images/Hp_Border/heartbeat1.png using Guid(d5c2f33d448a73b409fa8c91efe0edb8) Importer(815301076,1909f56bfc062723c751e8b465ee728b)  -> (artifact id: '5d8398df430bb3ceb311da22a57572d8') in 0.040393 seconds
  Import took 0.095311 seconds .

========================================================================
Received Import Request.
  Time since last request: 0.000272 seconds.
  path: Assets/UI Images/Hp_Border/heartbeat2.png
  artifactKey: Guid(064a8ab75b0998447b9efa813f45e572) Importer(815301076,1909f56bfc062723c751e8b465ee728b)
Start importing Assets/UI Images/Hp_Border/heartbeat2.png using Guid(064a8ab75b0998447b9efa813f45e572) Importer(815301076,1909f56bfc062723c751e8b465ee728b)  -> (artifact id: '34b85c33f4255d7a000b9adef3d391c9') in 0.045137 seconds
  Import took 0.092531 seconds .

========================================================================
Received Import Request.
  Time since last request: 0.000226 seconds.
  path: Assets/UI Images/Hp_Border/heartbeat5.png
  artifactKey: Guid(b7987b5c3387b0140a1f60764abcec56) Importer(815301076,1909f56bfc062723c751e8b465ee728b)
Start importing Assets/UI Images/Hp_Border/heartbeat5.png using Guid(b7987b5c3387b0140a1f60764abcec56) Importer(815301076,1909f56bfc062723c751e8b465ee728b)  -> (artifact id: 'ee2d85fcf984e1e499f23d364760759e') in 0.050678 seconds
  Import took 0.065663 seconds .

========================================================================
Received Import Request.
  Time since last request: 0.000255 seconds.
  path: Assets/UI Images/Hp_Border/heartbeat3.png
  artifactKey: Guid(2c7d5c4be3947e9449115a5cfd2353d8) Importer(815301076,1909f56bfc062723c751e8b465ee728b)
Start importing Assets/UI Images/Hp_Border/heartbeat3.png using Guid(2c7d5c4be3947e9449115a5cfd2353d8) Importer(815301076,1909f56bfc062723c751e8b465ee728b)  -> (artifact id: '1f691f119bbfec297844b149e8bfe85b') in 0.021151 seconds
  Import took 0.077094 seconds .

========================================================================
Received Import Request.
  Time since last request: 0.000294 seconds.
  path: Assets/UI Images/Hp_Border/heartbeat8.png
  artifactKey: Guid(2c3efcc7eea820a4faea9919362641b4) Importer(815301076,1909f56bfc062723c751e8b465ee728b)
Start importing Assets/UI Images/Hp_Border/heartbeat8.png using Guid(2c3efcc7eea820a4faea9919362641b4) Importer(815301076,1909f56bfc062723c751e8b465ee728b)  -> (artifact id: 'ba7d1ebea793239e4ba36a31d4796e71') in 0.045656 seconds
  Import took 0.068211 seconds .

========================================================================
Received Import Request.
  Time since last request: 0.000330 seconds.
  path: Assets/UI Images/Hp_Border/heartbeat10.png
  artifactKey: Guid(4009b8bd8d6ae8e43bf35fd1c6088723) Importer(815301076,1909f56bfc062723c751e8b465ee728b)
Start importing Assets/UI Images/Hp_Border/heartbeat10.png using Guid(4009b8bd8d6ae8e43bf35fd1c6088723) Importer(815301076,1909f56bfc062723c751e8b465ee728b)  -> (artifact id: 'c73dd4c5f7cfc924ff3cbcd917271d56') in 0.041461 seconds
  Import took 0.057858 seconds .

========================================================================
Received Import Request.
  Time since last request: 0.000281 seconds.
  path: Assets/UI Images/Hp_Border/heartbeat7.png
  artifactKey: Guid(60f247f38468d29409418c24e96aa99f) Importer(815301076,1909f56bfc062723c751e8b465ee728b)
Start importing Assets/UI Images/Hp_Border/heartbeat7.png using Guid(60f247f38468d29409418c24e96aa99f) Importer(815301076,1909f56bfc062723c751e8b465ee728b)  -> (artifact id: '4e799328deafdd4546e120e411878c0f') in 0.033650 seconds
  Import took 0.054417 seconds .

========================================================================
Received Import Request.
  Time since last request: 0.000322 seconds.
  path: Assets/UI Images/Hp_Border/heartbeat9.png
  artifactKey: Guid(d85bed1f251ddea4da8a240bcbbe37fd) Importer(815301076,1909f56bfc062723c751e8b465ee728b)
Start importing Assets/UI Images/Hp_Border/heartbeat9.png using Guid(d85bed1f251ddea4da8a240bcbbe37fd) Importer(815301076,1909f56bfc062723c751e8b465ee728b)  -> (artifact id: '594ee98bc095a13574b2d92f30728f03') in 0.046101 seconds
  Import took 0.062405 seconds .

========================================================================
Received Import Request.
  Time since last request: 0.000268 seconds.
  path: Assets/UI Images/Hp_Border/Heartbeat.anim
  artifactKey: Guid(6e7a9352473e9d44baa508537d392d44) Importer(815301076,1909f56bfc062723c751e8b465ee728b)
Start importing Assets/UI Images/Hp_Border/Heartbeat.anim using Guid(6e7a9352473e9d44baa508537d392d44) Importer(815301076,1909f56bfc062723c751e8b465ee728b)  -> (artifact id: '74f504cff97c4f007f772659a68ecc5a') in 0.045577 seconds
  Import took 0.058326 seconds .

========================================================================
Received Prepare
Registering precompiled user dll's ...
Registered in 0.037352 seconds.
Begin MonoManager ReloadAssembly
Native extension for WindowsStandalone target not found
Refreshing native plugins compatible for Editor in 0.98 ms, found 1 plugins.
Preloading 0 native plugins for Editor in 0.00 ms.
Mono: successfully reloaded assembly
- Completed reload, in  1.886 seconds
Platform modules already initialized, skipping
Refreshing native plugins compatible for Editor in 0.73 ms, found 1 plugins.
Preloading 0 native plugins for Editor in 0.00 ms.
Unloading 1870 Unused Serialized files (Serialized files now loaded: 0)
System memory in use before: 90.5 MB.
System memory in use after: 90.5 MB.

Unloading 12 unused Assets to reduce memory usage. Loaded Objects now: 2329.
Total: 3.159300 ms (FindLiveObjects: 0.356300 ms CreateObjectMapping: 0.056600 ms MarkObjects: 2.589900 ms  DeleteObjects: 0.154000 ms)

========================================================================
Received Prepare
Registering precompiled user dll's ...
Registered in 0.001555 seconds.
Begin MonoManager ReloadAssembly
Native extension for WindowsStandalone target not found
Refreshing native plugins compatible for Editor in 0.45 ms, found 1 plugins.
Preloading 0 native plugins for Editor in 0.00 ms.
Mono: successfully reloaded assembly
- Completed reload, in  1.039 seconds
Platform modules already initialized, skipping
Refreshing native plugins compatible for Editor in 0.76 ms, found 1 plugins.
Preloading 0 native plugins for Editor in 0.00 ms.
Unloading 1870 Unused Serialized files (Serialized files now loaded: 0)
System memory in use before: 90.5 MB.
System memory in use after: 90.5 MB.

Unloading 12 unused Assets to reduce memory usage. Loaded Objects now: 2332.
Total: 3.053100 ms (FindLiveObjects: 0.603100 ms CreateObjectMapping: 0.120700 ms MarkObjects: 2.192900 ms  DeleteObjects: 0.134700 ms)

========================================================================
Received Import Request.
  Time since last request: 685.379270 seconds.
  path: Assets/UI Images/Hp_Border/hpbar_Border.png
  artifactKey: Guid(3695576b2aab407459711982923ed2bc) Importer(815301076,1909f56bfc062723c751e8b465ee728b)
Start importing Assets/UI Images/Hp_Border/hpbar_Border.png using Guid(3695576b2aab407459711982923ed2bc) Importer(815301076,1909f56bfc062723c751e8b465ee728b)  -> (artifact id: '7aad542d9499467d01bc63f525b7f787') in 0.065209 seconds
  Import took 0.091872 seconds .

========================================================================
Received Import Request.
  Time since last request: 12.242499 seconds.
  path: Assets/UI Images/Hp/Image.controller
  artifactKey: Guid(3deae62d8e3a9f74facc3c1942720951) Importer(815301076,1909f56bfc062723c751e8b465ee728b)
Start importing Assets/UI Images/Hp/Image.controller using Guid(3deae62d8e3a9f74facc3c1942720951) Importer(815301076,1909f56bfc062723c751e8b465ee728b)  -> (artifact id: 'c4c043cc73e343472e7cf0b9a032ecf3') in 0.011661 seconds
  Import took 0.035991 seconds .

========================================================================
Received Import Request.
  Time since last request: 55.330640 seconds.
  path: Assets/UI Images/Hpbar/hpbar_Border.png
  artifactKey: Guid(3695576b2aab407459711982923ed2bc) Importer(815301076,1909f56bfc062723c751e8b465ee728b)
Start importing Assets/UI Images/Hpbar/hpbar_Border.png using Guid(3695576b2aab407459711982923ed2bc) Importer(815301076,1909f56bfc062723c751e8b465ee728b)  -> (artifact id: '5810bd417b487ca7c18e5f5c8e17a762') in 0.023355 seconds
  Import took 0.031270 seconds .

========================================================================
Received Import Request.
  Time since last request: 5.579551 seconds.
  path: Assets/UI Images/Hpbar/hpbar_Border.png
  artifactKey: Guid(3695576b2aab407459711982923ed2bc) Importer(815301076,1909f56bfc062723c751e8b465ee728b)
Start importing Assets/UI Images/Hpbar/hpbar_Border.png using Guid(3695576b2aab407459711982923ed2bc) Importer(815301076,1909f56bfc062723c751e8b465ee728b)  -> (artifact id: '9ddcb443579bd95b7be13bedc89f985f') in 0.019598 seconds
  Import took 0.030875 seconds .

========================================================================
Received Import Request.
  Time since last request: 109.555043 seconds.
  path: Assets/UI Images/Hpbar/energybar.png
  artifactKey: Guid(5e3d4ce715f86dc4b9ef32935eeb8cd4) Importer(815301076,1909f56bfc062723c751e8b465ee728b)
Start importing Assets/UI Images/Hpbar/energybar.png using Guid(5e3d4ce715f86dc4b9ef32935eeb8cd4) Importer(815301076,1909f56bfc062723c751e8b465ee728b)  -> (artifact id: '31aac45c75381dd8353bf07af58bbe2b') in 0.025335 seconds
  Import took 0.034850 seconds .

========================================================================
Received Import Request.
  Time since last request: 2.355431 seconds.
  path: Assets/UI Images/Hpbar/durabilitybar.png
  artifactKey: Guid(41b197fa1a57a9c4a85e8b35cccd473d) Importer(815301076,1909f56bfc062723c751e8b465ee728b)
Start importing Assets/UI Images/Hpbar/durabilitybar.png using Guid(41b197fa1a57a9c4a85e8b35cccd473d) Importer(815301076,1909f56bfc062723c751e8b465ee728b)  -> (artifact id: '773eccbd580b62e00c30deaa27f50198') in 0.017641 seconds
  Import took 0.036968 seconds .

========================================================================
Received Import Request.
  Time since last request: 0.003823 seconds.
  path: Assets/UI Images/Hpbar/durabilitybar.png
  artifactKey: Guid(41b197fa1a57a9c4a85e8b35cccd473d) Importer(815301076,1909f56bfc062723c751e8b465ee728b)
Start importing Assets/UI Images/Hpbar/durabilitybar.png using Guid(41b197fa1a57a9c4a85e8b35cccd473d) Importer(815301076,1909f56bfc062723c751e8b465ee728b)  -> (artifact id: '773eccbd580b62e00c30deaa27f50198') in 0.017764 seconds
  Import took 0.021527 seconds .

========================================================================
Received Import Request.
  Time since last request: 3.232681 seconds.
  path: Assets/UI Images/Hpbar/hpbar.png
  artifactKey: Guid(fdc1754790c2b8c4d9567e6d6d019de7) Importer(815301076,1909f56bfc062723c751e8b465ee728b)
Start importing Assets/UI Images/Hpbar/hpbar.png using Guid(fdc1754790c2b8c4d9567e6d6d019de7) Importer(815301076,1909f56bfc062723c751e8b465ee728b)  -> (artifact id: '3f647fa950004b13de2b187c5e6cd7d7') in 0.026588 seconds
  Import took 0.050564 seconds .

========================================================================
Received Import Request.
  Time since last request: 0.001081 seconds.
  path: Assets/UI Images/Hpbar/hpbar.png
  artifactKey: Guid(fdc1754790c2b8c4d9567e6d6d019de7) Importer(815301076,1909f56bfc062723c751e8b465ee728b)
Start importing Assets/UI Images/Hpbar/hpbar.png using Guid(fdc1754790c2b8c4d9567e6d6d019de7) Importer(815301076,1909f56bfc062723c751e8b465ee728b)  -> (artifact id: '3f647fa950004b13de2b187c5e6cd7d7') in 0.018140 seconds
  Import took 0.021787 seconds .

========================================================================
Received Import Request.
  Time since last request: 9.256562 seconds.
  path: Assets/UI Images/Hpbar/durabilitybar.png
  artifactKey: Guid(41b197fa1a57a9c4a85e8b35cccd473d) Importer(815301076,1909f56bfc062723c751e8b465ee728b)
Start importing Assets/UI Images/Hpbar/durabilitybar.png using Guid(41b197fa1a57a9c4a85e8b35cccd473d) Importer(815301076,1909f56bfc062723c751e8b465ee728b)  -> (artifact id: 'cba5dc3cf7e278f518e6e3b70a61ef97') in 0.018700 seconds
  Import took 0.029967 seconds .

========================================================================
Received Import Request.
  Time since last request: 0.000616 seconds.
  path: Assets/UI Images/Hpbar/hpbar.png
  artifactKey: Guid(fdc1754790c2b8c4d9567e6d6d019de7) Importer(815301076,1909f56bfc062723c751e8b465ee728b)
Start importing Assets/UI Images/Hpbar/hpbar.png using Guid(fdc1754790c2b8c4d9567e6d6d019de7) Importer(815301076,1909f56bfc062723c751e8b465ee728b)  -> (artifact id: 'e183bd9f9b7938a2069ddad312c065f3') in 0.017001 seconds
  Import took 0.044446 seconds .

========================================================================
Received Import Request.
  Time since last request: 0.000455 seconds.
  path: Assets/UI Images/Hpbar/energybar.png
  artifactKey: Guid(5e3d4ce715f86dc4b9ef32935eeb8cd4) Importer(815301076,1909f56bfc062723c751e8b465ee728b)
Start importing Assets/UI Images/Hpbar/energybar.png using Guid(5e3d4ce715f86dc4b9ef32935eeb8cd4) Importer(815301076,1909f56bfc062723c751e8b465ee728b)  -> (artifact id: 'f68d70363803b6e44e2d32ab36e628e3') in 0.010245 seconds
  Import took 0.028084 seconds .

========================================================================
Received Prepare
Registering precompiled user dll's ...
Registered in 0.001429 seconds.
Begin MonoManager ReloadAssembly
Native extension for WindowsStandalone target not found
Refreshing native plugins compatible for Editor in 0.93 ms, found 1 plugins.
Preloading 0 native plugins for Editor in 0.00 ms.
Mono: successfully reloaded assembly
- Completed reload, in  1.058 seconds
Platform modules already initialized, skipping
Refreshing native plugins compatible for Editor in 0.40 ms, found 1 plugins.
Preloading 0 native plugins for Editor in 0.00 ms.
Unloading 1870 Unused Serialized files (Serialized files now loaded: 0)
System memory in use before: 90.8 MB.
System memory in use after: 90.8 MB.

Unloading 12 unused Assets to reduce memory usage. Loaded Objects now: 2342.
Total: 2.710200 ms (FindLiveObjects: 0.334500 ms CreateObjectMapping: 0.054300 ms MarkObjects: 2.102800 ms  DeleteObjects: 0.216500 ms)

========================================================================
Received Import Request.
  Time since last request: 1281.472947 seconds.
  path: Assets/UI Images/hpbar.png
  artifactKey: Guid(cf7b9143fe1239e4ab4cefcb990c49e1) Importer(815301076,1909f56bfc062723c751e8b465ee728b)
Start importing Assets/UI Images/hpbar.png using Guid(cf7b9143fe1239e4ab4cefcb990c49e1) Importer(815301076,1909f56bfc062723c751e8b465ee728b)  -> (artifact id: '441e5d9f1602da5f7ec553e30c77a187') in 0.062781 seconds
  Import took 0.075804 seconds .

========================================================================
Received Import Request.
  Time since last request: 0.000245 seconds.
  path: Assets/UI Images/hpbar_Border.png
  artifactKey: Guid(7c9af990170fe724b8ad4a1c539f60ea) Importer(815301076,1909f56bfc062723c751e8b465ee728b)
Start importing Assets/UI Images/hpbar_Border.png using Guid(7c9af990170fe724b8ad4a1c539f60ea) Importer(815301076,1909f56bfc062723c751e8b465ee728b)  -> (artifact id: '8f0420765f089323d791aace32a8a1d4') in 0.014509 seconds
  Import took 0.025355 seconds .

AssetImportWorkerClient::OnTransportError - code=2 error=End of file
