Using pre-set license
Built from '2020.3/release' branch; Version is '2020.3.7f1 (dd97f2c94397) revision 14522354'; Using compiler version '192528614'; Build Type 'Release'
OS: 'Windows 10 Pro; OS build 19042.928; Version 2009; 64bit' Language: 'ko' Physical Memory: 16263 MB
BatchMode: 1, IsHumanControllingUs: 0, StartBugReporterOnCrash: 0, Is64bit: 1, IsPro: 0

 COMMAND LINE ARGUMENTS:
F:\Development-Kit\unity-version\2020.3.7f1\Editor\Unity.exe
-adb2
-batchMode
-noUpm
-name
AssetImportWorker0
-projectPath
F:/Github/FromZombie
-logFile
Logs/AssetImportWorker0.log
-srvPort
13711
Successfully changed project path to: F:/Github/FromZombie
F:/Github/FromZombie
Using Asset Import Pipeline V2.
Refreshing native plugins compatible for Editor in 50.62 ms, found 1 plugins.
Preloading 0 native plugins for Editor in 0.00 ms.
Initialize engine version: 2020.3.7f1 (dd97f2c94397)
[Subsystems] Discovering subsystems at path F:/Development-Kit/unity-version/2020.3.7f1/Editor/Data/Resources/UnitySubsystems
[Subsystems] Discovering subsystems at path F:/Github/FromZombie/Assets
GfxDevice: creating device client; threaded=0
Direct3D:
    Version:  Direct3D 11.0 [level 11.1]
    Renderer: Intel(R) HD Graphics 630 (ID=0x5912)
    Vendor:   
    VRAM:     8131 MB
    Driver:   27.20.100.8681
Initialize mono
Mono path[0] = 'F:/Development-Kit/unity-version/2020.3.7f1/Editor/Data/Managed'
Mono path[1] = 'F:/Development-Kit/unity-version/2020.3.7f1/Editor/Data/MonoBleedingEdge/lib/mono/unityjit'
Mono config path = 'F:/Development-Kit/unity-version/2020.3.7f1/Editor/Data/MonoBleedingEdge/etc'
Using monoOptions --debugger-agent=transport=dt_socket,embedding=1,server=y,suspend=n,address=127.0.0.1:56504
Begin MonoManager ReloadAssembly
Registering precompiled unity dll's ...
Register platform support module: F:/Development-Kit/unity-version/2020.3.7f1/Editor/Data/PlaybackEngines/WindowsStandaloneSupport/UnityEditor.WindowsStandalone.Extensions.dll
Registered in 0.001468 seconds.
Native extension for WindowsStandalone target not found
Refreshing native plugins compatible for Editor in 42.59 ms, found 1 plugins.
Preloading 0 native plugins for Editor in 0.00 ms.
Mono: successfully reloaded assembly
- Completed reload, in  1.112 seconds
Platform modules already initialized, skipping
Registering precompiled user dll's ...
Registered in 0.001159 seconds.
Begin MonoManager ReloadAssembly
Native extension for WindowsStandalone target not found
Refreshing native plugins compatible for Editor in 41.90 ms, found 1 plugins.
Preloading 0 native plugins for Editor in 0.00 ms.
Mono: successfully reloaded assembly
- Completed reload, in  0.921 seconds
Platform modules already initialized, skipping
========================================================================
Worker process is ready to serve import requests
Launched and connected shader compiler UnityShaderCompiler.exe after 0.15 seconds
Refreshing native plugins compatible for Editor in 0.39 ms, found 1 plugins.
Preloading 0 native plugins for Editor in 0.00 ms.
Unloading 1939 Unused Serialized files (Serialized files now loaded: 0)
System memory in use before: 91.5 MB.
System memory in use after: 91.6 MB.

Unloading 19 unused Assets to reduce memory usage. Loaded Objects now: 2389.
Total: 1.872100 ms (FindLiveObjects: 0.176900 ms CreateObjectMapping: 0.127000 ms MarkObjects: 1.503500 ms  DeleteObjects: 0.063800 ms)

========================================================================
Received Import Request.
  path: Assets/Scripts/PlayerMovement.cs
  artifactKey: Guid(95dd92027aa58c24b91bd1ca19b543ab) Importer(815301076,1909f56bfc062723c751e8b465ee728b)
Start importing Assets/Scripts/PlayerMovement.cs using Guid(95dd92027aa58c24b91bd1ca19b543ab) Importer(815301076,1909f56bfc062723c751e8b465ee728b)  -> (artifact id: 'e1799512f69094bbfd545f9fb44f45fd') in 0.032678 seconds
  Import took 0.035601 seconds .

========================================================================
Received Prepare
Refreshing native plugins compatible for Editor in 2.73 ms, found 1 plugins.
Preloading 0 native plugins for Editor in 0.00 ms.
Unloading 5 Unused Serialized files (Serialized files now loaded: 0)
System memory in use before: 51.6 MB.
System memory in use after: 51.8 MB.

Unloading 5 unused Assets to reduce memory usage. Loaded Objects now: 2389.
Total: 2.999100 ms (FindLiveObjects: 0.362600 ms CreateObjectMapping: 0.112000 ms MarkObjects: 2.505700 ms  DeleteObjects: 0.015400 ms)

========================================================================
Received Import Request.
  Time since last request: 347.679181 seconds.
  path: Assets/Sprite/abc.png
  artifactKey: Guid(ebc08b97a0e50b44da999e2073ac990a) Importer(815301076,1909f56bfc062723c751e8b465ee728b)
Start importing Assets/Sprite/abc.png using Guid(ebc08b97a0e50b44da999e2073ac990a) Importer(815301076,1909f56bfc062723c751e8b465ee728b)  -> (artifact id: 'b0c4bf45faa22026d6059a1bf412f317') in 0.237067 seconds
  Import took 0.240565 seconds .

========================================================================
Received Import Request.
  Time since last request: 17.182440 seconds.
  path: Assets/Sprite/abc.png
  artifactKey: Guid(ebc08b97a0e50b44da999e2073ac990a) Importer(815301076,1909f56bfc062723c751e8b465ee728b)
Start importing Assets/Sprite/abc.png using Guid(ebc08b97a0e50b44da999e2073ac990a) Importer(815301076,1909f56bfc062723c751e8b465ee728b)  -> (artifact id: '44aa70258def07875b127cfdee48780f') in 0.033950 seconds
  Import took 0.038703 seconds .

========================================================================
Received Prepare
Registering precompiled user dll's ...
Registered in 0.001284 seconds.
Begin MonoManager ReloadAssembly
Native extension for WindowsStandalone target not found
Refreshing native plugins compatible for Editor in 0.44 ms, found 1 plugins.
Preloading 0 native plugins for Editor in 0.00 ms.
Mono: successfully reloaded assembly
- Completed reload, in  0.867 seconds
Platform modules already initialized, skipping
Refreshing native plugins compatible for Editor in 0.44 ms, found 1 plugins.
Preloading 0 native plugins for Editor in 0.00 ms.
Unloading 1915 Unused Serialized files (Serialized files now loaded: 0)
System memory in use before: 92.7 MB.
System memory in use after: 92.8 MB.

Unloading 7 unused Assets to reduce memory usage. Loaded Objects now: 2398.
Total: 2.975000 ms (FindLiveObjects: 0.555100 ms CreateObjectMapping: 0.236600 ms MarkObjects: 2.150800 ms  DeleteObjects: 0.031200 ms)

========================================================================
Received Prepare
Registering precompiled user dll's ...
Registered in 0.001550 seconds.
Begin MonoManager ReloadAssembly
Native extension for WindowsStandalone target not found
Refreshing native plugins compatible for Editor in 0.39 ms, found 1 plugins.
Preloading 0 native plugins for Editor in 0.00 ms.
Mono: successfully reloaded assembly
- Completed reload, in  0.862 seconds
Platform modules already initialized, skipping
Refreshing native plugins compatible for Editor in 0.38 ms, found 1 plugins.
Preloading 0 native plugins for Editor in 0.00 ms.
Unloading 1915 Unused Serialized files (Serialized files now loaded: 0)
System memory in use before: 92.7 MB.
System memory in use after: 92.8 MB.

Unloading 7 unused Assets to reduce memory usage. Loaded Objects now: 2401.
Total: 2.065100 ms (FindLiveObjects: 0.170500 ms CreateObjectMapping: 0.078600 ms MarkObjects: 1.784200 ms  DeleteObjects: 0.031000 ms)

========================================================================
Received Prepare
Registering precompiled user dll's ...
Registered in 0.002185 seconds.
Begin MonoManager ReloadAssembly
Native extension for WindowsStandalone target not found
Refreshing native plugins compatible for Editor in 0.45 ms, found 1 plugins.
Preloading 0 native plugins for Editor in 0.00 ms.
Mono: successfully reloaded assembly
- Completed reload, in  0.987 seconds
Platform modules already initialized, skipping
Refreshing native plugins compatible for Editor in 0.39 ms, found 1 plugins.
Preloading 0 native plugins for Editor in 0.00 ms.
Unloading 1915 Unused Serialized files (Serialized files now loaded: 0)
System memory in use before: 92.7 MB.
System memory in use after: 92.8 MB.

Unloading 7 unused Assets to reduce memory usage. Loaded Objects now: 2404.
Total: 2.436200 ms (FindLiveObjects: 0.466800 ms CreateObjectMapping: 0.080800 ms MarkObjects: 1.853600 ms  DeleteObjects: 0.033500 ms)

========================================================================
Received Import Request.
  Time since last request: 396.317454 seconds.
  path: Assets/Scripts
  artifactKey: Guid(b41160d30b5a1b040ba1588034d2351a) Importer(815301076,1909f56bfc062723c751e8b465ee728b)
Start importing Assets/Scripts using Guid(b41160d30b5a1b040ba1588034d2351a) Importer(815301076,1909f56bfc062723c751e8b465ee728b)  -> (artifact id: '765ef052a23fab4659f9ff8d828f9da0') in 0.009960 seconds
  Import took 0.013101 seconds .

========================================================================
Received Prepare
Registering precompiled user dll's ...
Registered in 0.001212 seconds.
Begin MonoManager ReloadAssembly
Native extension for WindowsStandalone target not found
Refreshing native plugins compatible for Editor in 0.39 ms, found 1 plugins.
Preloading 0 native plugins for Editor in 0.00 ms.
Mono: successfully reloaded assembly
- Completed reload, in  0.844 seconds
Platform modules already initialized, skipping
Refreshing native plugins compatible for Editor in 0.41 ms, found 1 plugins.
Preloading 0 native plugins for Editor in 0.00 ms.
Unloading 1916 Unused Serialized files (Serialized files now loaded: 0)
System memory in use before: 92.8 MB.
System memory in use after: 92.9 MB.

Unloading 7 unused Assets to reduce memory usage. Loaded Objects now: 2408.
Total: 2.195800 ms (FindLiveObjects: 0.202400 ms CreateObjectMapping: 0.063000 ms MarkObjects: 1.883700 ms  DeleteObjects: 0.045400 ms)

========================================================================
Received Import Request.
  Time since last request: 24.474864 seconds.
  path: Assets/Scripts/NewBehaviourScript.cs
  artifactKey: Guid(90f3ace4297f7d14b8d2f06d23a7b3d0) Importer(815301076,1909f56bfc062723c751e8b465ee728b)
Start importing Assets/Scripts/NewBehaviourScript.cs using Guid(90f3ace4297f7d14b8d2f06d23a7b3d0) Importer(815301076,1909f56bfc062723c751e8b465ee728b)  -> (artifact id: '90c878e1ea0f8a74f1d9b2978e33fcb4') in 0.007712 seconds
  Import took 0.011695 seconds .

========================================================================
Received Prepare
Registering precompiled user dll's ...
Registered in 0.001179 seconds.
Begin MonoManager ReloadAssembly
Native extension for WindowsStandalone target not found
Refreshing native plugins compatible for Editor in 0.45 ms, found 1 plugins.
Preloading 0 native plugins for Editor in 0.00 ms.
Mono: successfully reloaded assembly
- Completed reload, in  1.049 seconds
Platform modules already initialized, skipping
Refreshing native plugins compatible for Editor in 0.74 ms, found 1 plugins.
Preloading 0 native plugins for Editor in 0.00 ms.
Unloading 1918 Unused Serialized files (Serialized files now loaded: 0)
System memory in use before: 92.8 MB.
System memory in use after: 92.9 MB.

Unloading 7 unused Assets to reduce memory usage. Loaded Objects now: 2413.
Total: 2.132300 ms (FindLiveObjects: 0.194500 ms CreateObjectMapping: 0.066400 ms MarkObjects: 1.855700 ms  DeleteObjects: 0.014600 ms)

========================================================================
Received Import Request.
  Time since last request: 693.170905 seconds.
  path: Assets/FreeParallax/FreeParallaxDemo.unity
  artifactKey: Guid(dba9da74a98b9d24bb08c2dbb496e41b) Importer(815301076,1909f56bfc062723c751e8b465ee728b)
Start importing Assets/FreeParallax/FreeParallaxDemo.unity using Guid(dba9da74a98b9d24bb08c2dbb496e41b) Importer(815301076,1909f56bfc062723c751e8b465ee728b)  -> (artifact id: '666a0b9d1596505c31d3ef8b1a7e8971') in 0.016023 seconds
  Import took 0.019431 seconds .

========================================================================
Received Import Request.
  Time since last request: 23.824790 seconds.
  path: Assets/FreeParallax/FreeParallaxVerticalDemo.unity
  artifactKey: Guid(d775ee0617b6aa2458a214d977a4b5e0) Importer(815301076,1909f56bfc062723c751e8b465ee728b)
Start importing Assets/FreeParallax/FreeParallaxVerticalDemo.unity using Guid(d775ee0617b6aa2458a214d977a4b5e0) Importer(815301076,1909f56bfc062723c751e8b465ee728b)  -> (artifact id: 'ba982518b5bb92e802a6bd8e49ccbfde') in 0.005848 seconds
  Import took 0.010611 seconds .

========================================================================
Received Prepare
Registering precompiled user dll's ...
Registered in 0.001446 seconds.
Begin MonoManager ReloadAssembly
Native extension for WindowsStandalone target not found
Refreshing native plugins compatible for Editor in 0.40 ms, found 1 plugins.
Preloading 0 native plugins for Editor in 0.00 ms.
Mono: successfully reloaded assembly
- Completed reload, in  0.860 seconds
Platform modules already initialized, skipping
Refreshing native plugins compatible for Editor in 0.40 ms, found 1 plugins.
Preloading 0 native plugins for Editor in 0.00 ms.
Unloading 1918 Unused Serialized files (Serialized files now loaded: 0)
System memory in use before: 92.9 MB.
System memory in use after: 93.0 MB.

Unloading 7 unused Assets to reduce memory usage. Loaded Objects now: 2416.
Total: 2.215400 ms (FindLiveObjects: 0.337700 ms CreateObjectMapping: 0.131200 ms MarkObjects: 1.716300 ms  DeleteObjects: 0.028900 ms)

========================================================================
Received Prepare
Registering precompiled user dll's ...
Registered in 0.001322 seconds.
Begin MonoManager ReloadAssembly
Native extension for WindowsStandalone target not found
Refreshing native plugins compatible for Editor in 5.06 ms, found 1 plugins.
Preloading 0 native plugins for Editor in 0.00 ms.
Mono: successfully reloaded assembly
- Completed reload, in  0.843 seconds
Platform modules already initialized, skipping
Refreshing native plugins compatible for Editor in 0.40 ms, found 1 plugins.
Preloading 0 native plugins for Editor in 0.00 ms.
Unloading 1918 Unused Serialized files (Serialized files now loaded: 0)
System memory in use before: 92.9 MB.
System memory in use after: 93.0 MB.

Unloading 7 unused Assets to reduce memory usage. Loaded Objects now: 2419.
Total: 2.920800 ms (FindLiveObjects: 0.457200 ms CreateObjectMapping: 0.261200 ms MarkObjects: 2.183800 ms  DeleteObjects: 0.017200 ms)

========================================================================
Received Import Request.
  Time since last request: 39.679206 seconds.
  path: Assets/FreeParallax/FreeParallaxVerticalDemoSettings.lighting
  artifactKey: Guid(c580415e2f648b243902c5bad9f82f59) Importer(815301076,1909f56bfc062723c751e8b465ee728b)
Start importing Assets/FreeParallax/FreeParallaxVerticalDemoSettings.lighting using Guid(c580415e2f648b243902c5bad9f82f59) Importer(815301076,1909f56bfc062723c751e8b465ee728b) LightingSettings: switching bake backend from 1 to 0.
 -> (artifact id: '62aa351a25836a22d961c4cd5cbd15a3') in 0.018281 seconds
  Import took 0.021833 seconds .

========================================================================
Received Import Request.
  Time since last request: 0.000650 seconds.
  path: Assets/FreeParallax/FreeParallaxVerticalDemoSettings.lighting
  artifactKey: Guid(c580415e2f648b243902c5bad9f82f59) Importer(815301076,1909f56bfc062723c751e8b465ee728b)
Start importing Assets/FreeParallax/FreeParallaxVerticalDemoSettings.lighting using Guid(c580415e2f648b243902c5bad9f82f59) Importer(815301076,1909f56bfc062723c751e8b465ee728b) LightingSettings: switching bake backend from 1 to 0.
 -> (artifact id: '62aa351a25836a22d961c4cd5cbd15a3') in 0.006302 seconds
  Import took 0.011448 seconds .

========================================================================
Received Import Request.
  Time since last request: 3.842838 seconds.
  path: Assets/FreeParallax/FreeParallaxDemoSettings.lighting
  artifactKey: Guid(892b2db08f3536c43a4b4f7946e7a19e) Importer(815301076,1909f56bfc062723c751e8b465ee728b)
Start importing Assets/FreeParallax/FreeParallaxDemoSettings.lighting using Guid(892b2db08f3536c43a4b4f7946e7a19e) Importer(815301076,1909f56bfc062723c751e8b465ee728b) LightingSettings: switching bake backend from 1 to 0.
 -> (artifact id: 'd20324a57e70afcbfb490473c49f7668') in 0.006898 seconds
  Import took 0.010170 seconds .

========================================================================
Received Import Request.
  Time since last request: 0.004101 seconds.
  path: Assets/FreeParallax/FreeParallaxDemoSettings.lighting
  artifactKey: Guid(892b2db08f3536c43a4b4f7946e7a19e) Importer(815301076,1909f56bfc062723c751e8b465ee728b)
Start importing Assets/FreeParallax/FreeParallaxDemoSettings.lighting using Guid(892b2db08f3536c43a4b4f7946e7a19e) Importer(815301076,1909f56bfc062723c751e8b465ee728b) LightingSettings: switching bake backend from 1 to 0.
 -> (artifact id: 'd20324a57e70afcbfb490473c49f7668') in 0.006003 seconds
  Import took 0.010457 seconds .

========================================================================
Received Import Request.
  Time since last request: 4.390302 seconds.
  path: Assets/FreeParallax/Scripts
  artifactKey: Guid(b8103862611321744838c4e5817bf3de) Importer(815301076,1909f56bfc062723c751e8b465ee728b)
Start importing Assets/FreeParallax/Scripts using Guid(b8103862611321744838c4e5817bf3de) Importer(815301076,1909f56bfc062723c751e8b465ee728b)  -> (artifact id: '4bb45d7128b2e5e00802e86448c537e5') in 0.005823 seconds
  Import took 0.009623 seconds .

========================================================================
Received Import Request.
  Time since last request: 0.641845 seconds.
  path: Assets/FreeParallax/Scripts/FreeParallaxDemo.cs
  artifactKey: Guid(b411bf996d92b68428909e875813f5b1) Importer(815301076,1909f56bfc062723c751e8b465ee728b)
Start importing Assets/FreeParallax/Scripts/FreeParallaxDemo.cs using Guid(b411bf996d92b68428909e875813f5b1) Importer(815301076,1909f56bfc062723c751e8b465ee728b)  -> (artifact id: '45dee822f72429250db04206204825e5') in 0.004964 seconds
  Import took 0.007923 seconds .

========================================================================
Received Import Request.
  Time since last request: 0.026715 seconds.
  path: Assets/FreeParallax/Scripts/FreeParallaxDemo.cs
  artifactKey: Guid(b411bf996d92b68428909e875813f5b1) Importer(815301076,1909f56bfc062723c751e8b465ee728b)
Start importing Assets/FreeParallax/Scripts/FreeParallaxDemo.cs using Guid(b411bf996d92b68428909e875813f5b1) Importer(815301076,1909f56bfc062723c751e8b465ee728b)  -> (artifact id: '45dee822f72429250db04206204825e5') in 0.085274 seconds
  Import took 0.089003 seconds .

========================================================================
Received Import Request.
  Time since last request: 2.002753 seconds.
  path: Assets/FreeParallax/Scripts/FreeParallax.cs
  artifactKey: Guid(6b364d8d33b03664a9e424c330da18d8) Importer(815301076,1909f56bfc062723c751e8b465ee728b)
Start importing Assets/FreeParallax/Scripts/FreeParallax.cs using Guid(6b364d8d33b03664a9e424c330da18d8) Importer(815301076,1909f56bfc062723c751e8b465ee728b)  -> (artifact id: '9668f6a242638af5cf6c6b1d4763f23e') in 0.005765 seconds
  Import took 0.009086 seconds .

========================================================================
Received Import Request.
  Time since last request: 10.501917 seconds.
  path: Assets/Scenes/FightScene.unity
  artifactKey: Guid(2cda990e2423bbf4892e6590ba056729) Importer(815301076,1909f56bfc062723c751e8b465ee728b)
Start importing Assets/Scenes/FightScene.unity using Guid(2cda990e2423bbf4892e6590ba056729) Importer(815301076,1909f56bfc062723c751e8b465ee728b)  -> (artifact id: '09d585e1f134222d857a58c6925946eb') in 0.020192 seconds
  Import took 0.023487 seconds .

========================================================================
Received Import Request.
  Time since last request: 1.197022 seconds.
  path: Assets/Rule Tile/Concrete.asset
  artifactKey: Guid(8c682e73a5915b94d8efa4fcc8a1d73a) Importer(815301076,1909f56bfc062723c751e8b465ee728b)
Start importing Assets/Rule Tile/Concrete.asset using Guid(8c682e73a5915b94d8efa4fcc8a1d73a) Importer(815301076,1909f56bfc062723c751e8b465ee728b)  -> (artifact id: '26c53cdfc8283907e0eae331c29dcf58') in 0.159994 seconds
  Import took 0.164505 seconds .

========================================================================
Received Import Request.
  Time since last request: 0.000322 seconds.
  path: Assets/Rule Tile/Lawn.asset
  artifactKey: Guid(4c82e2fde07cb6249b267cce2a92c6f0) Importer(815301076,1909f56bfc062723c751e8b465ee728b)
Start importing Assets/Rule Tile/Lawn.asset using Guid(4c82e2fde07cb6249b267cce2a92c6f0) Importer(815301076,1909f56bfc062723c751e8b465ee728b)  -> (artifact id: '51f1d3012d6b3d59fe6835e1ce7b93a4') in 0.027620 seconds
  Import took 0.031471 seconds .

========================================================================
Received Import Request.
  Time since last request: 0.024868 seconds.
  path: Assets/Rule Tile/Lawn.asset
  artifactKey: Guid(4c82e2fde07cb6249b267cce2a92c6f0) Importer(815301076,1909f56bfc062723c751e8b465ee728b)
Start importing Assets/Rule Tile/Lawn.asset using Guid(4c82e2fde07cb6249b267cce2a92c6f0) Importer(815301076,1909f56bfc062723c751e8b465ee728b)  -> (artifact id: '51f1d3012d6b3d59fe6835e1ce7b93a4') in 0.013678 seconds
  Import took 0.018007 seconds .

========================================================================
Received Prepare
Registering precompiled user dll's ...
Registered in 0.001231 seconds.
Begin MonoManager ReloadAssembly
Native extension for WindowsStandalone target not found
Refreshing native plugins compatible for Editor in 0.39 ms, found 1 plugins.
Preloading 0 native plugins for Editor in 0.00 ms.
Mono: successfully reloaded assembly
- Completed reload, in  0.871 seconds
Platform modules already initialized, skipping
Refreshing native plugins compatible for Editor in 0.41 ms, found 1 plugins.
Preloading 0 native plugins for Editor in 0.00 ms.
Unloading 1918 Unused Serialized files (Serialized files now loaded: 0)
System memory in use before: 92.9 MB.
System memory in use after: 93.0 MB.

Unloading 7 unused Assets to reduce memory usage. Loaded Objects now: 2425.
Total: 1.905500 ms (FindLiveObjects: 0.195000 ms CreateObjectMapping: 0.070200 ms MarkObjects: 1.623100 ms  DeleteObjects: 0.015900 ms)

========================================================================
Received Prepare
Registering precompiled user dll's ...
Registered in 0.001203 seconds.
Begin MonoManager ReloadAssembly
Native extension for WindowsStandalone target not found
Refreshing native plugins compatible for Editor in 0.35 ms, found 1 plugins.
Preloading 0 native plugins for Editor in 0.00 ms.
Mono: successfully reloaded assembly
- Completed reload, in  0.856 seconds
Platform modules already initialized, skipping
Refreshing native plugins compatible for Editor in 0.38 ms, found 1 plugins.
Preloading 0 native plugins for Editor in 0.00 ms.
Unloading 1918 Unused Serialized files (Serialized files now loaded: 0)
System memory in use before: 92.9 MB.
System memory in use after: 93.0 MB.

Unloading 7 unused Assets to reduce memory usage. Loaded Objects now: 2428.
Total: 1.993100 ms (FindLiveObjects: 0.184200 ms CreateObjectMapping: 0.069700 ms MarkObjects: 1.721300 ms  DeleteObjects: 0.016700 ms)

========================================================================
Received Prepare
Registering precompiled user dll's ...
Registered in 0.001302 seconds.
Begin MonoManager ReloadAssembly
Native extension for WindowsStandalone target not found
Refreshing native plugins compatible for Editor in 0.50 ms, found 1 plugins.
Preloading 0 native plugins for Editor in 0.00 ms.
Mono: successfully reloaded assembly
- Completed reload, in  0.896 seconds
Platform modules already initialized, skipping
Refreshing native plugins compatible for Editor in 0.39 ms, found 1 plugins.
Preloading 0 native plugins for Editor in 0.00 ms.
Unloading 1918 Unused Serialized files (Serialized files now loaded: 0)
System memory in use before: 92.9 MB.
System memory in use after: 93.0 MB.

Unloading 7 unused Assets to reduce memory usage. Loaded Objects now: 2431.
Total: 1.883000 ms (FindLiveObjects: 0.205500 ms CreateObjectMapping: 0.079100 ms MarkObjects: 1.580700 ms  DeleteObjects: 0.016700 ms)

========================================================================
Received Prepare
Registering precompiled user dll's ...
Registered in 0.001432 seconds.
Begin MonoManager ReloadAssembly
Native extension for WindowsStandalone target not found
Refreshing native plugins compatible for Editor in 0.53 ms, found 1 plugins.
Preloading 0 native plugins for Editor in 0.00 ms.
Mono: successfully reloaded assembly
- Completed reload, in  0.853 seconds
Platform modules already initialized, skipping
Refreshing native plugins compatible for Editor in 0.43 ms, found 1 plugins.
Preloading 0 native plugins for Editor in 0.00 ms.
Unloading 1918 Unused Serialized files (Serialized files now loaded: 0)
System memory in use before: 92.9 MB.
System memory in use after: 93.0 MB.

Unloading 7 unused Assets to reduce memory usage. Loaded Objects now: 2434.
Total: 2.865500 ms (FindLiveObjects: 0.397800 ms CreateObjectMapping: 0.180200 ms MarkObjects: 2.254400 ms  DeleteObjects: 0.031200 ms)

========================================================================
Received Prepare
Registering precompiled user dll's ...
Registered in 0.001367 seconds.
Begin MonoManager ReloadAssembly
Native extension for WindowsStandalone target not found
Refreshing native plugins compatible for Editor in 0.40 ms, found 1 plugins.
Preloading 0 native plugins for Editor in 0.00 ms.
Mono: successfully reloaded assembly
- Completed reload, in  0.975 seconds
Platform modules already initialized, skipping
Refreshing native plugins compatible for Editor in 0.44 ms, found 1 plugins.
Preloading 0 native plugins for Editor in 0.00 ms.
Unloading 1918 Unused Serialized files (Serialized files now loaded: 0)
System memory in use before: 92.9 MB.
System memory in use after: 93.1 MB.

Unloading 7 unused Assets to reduce memory usage. Loaded Objects now: 2437.
Total: 2.193100 ms (FindLiveObjects: 0.184100 ms CreateObjectMapping: 0.064600 ms MarkObjects: 1.915200 ms  DeleteObjects: 0.027900 ms)

========================================================================
Received Prepare
Registering precompiled user dll's ...
Registered in 0.001314 seconds.
Begin MonoManager ReloadAssembly
Native extension for WindowsStandalone target not found
Refreshing native plugins compatible for Editor in 0.66 ms, found 1 plugins.
Preloading 0 native plugins for Editor in 0.00 ms.
Mono: successfully reloaded assembly
- Completed reload, in  0.988 seconds
Platform modules already initialized, skipping
Refreshing native plugins compatible for Editor in 0.38 ms, found 1 plugins.
Preloading 0 native plugins for Editor in 0.00 ms.
Unloading 1918 Unused Serialized files (Serialized files now loaded: 0)
System memory in use before: 92.9 MB.
System memory in use after: 93.1 MB.

Unloading 7 unused Assets to reduce memory usage. Loaded Objects now: 2440.
Total: 2.947800 ms (FindLiveObjects: 0.262100 ms CreateObjectMapping: 0.111400 ms MarkObjects: 2.546900 ms  DeleteObjects: 0.025000 ms)

========================================================================
Received Import Request.
  Time since last request: 305.288353 seconds.
  path: Assets/Prefabs/Background.prefab
  artifactKey: Guid(1c664e358e745994c805d324862dc459) Importer(815301076,1909f56bfc062723c751e8b465ee728b)
Start importing Assets/Prefabs/Background.prefab using Guid(1c664e358e745994c805d324862dc459) Importer(815301076,1909f56bfc062723c751e8b465ee728b)  -> (artifact id: '2b8d26ff999a1e8080189c4f01553664') in 0.237810 seconds
  Import took 0.241059 seconds .

========================================================================
Received Import Request.
  Time since last request: 0.000319 seconds.
  path: Assets/Prefabs/BossHpBar.prefab
  artifactKey: Guid(df8243f589ac9524a979fd7a7c24a2f5) Importer(815301076,1909f56bfc062723c751e8b465ee728b)
Start importing Assets/Prefabs/BossHpBar.prefab using Guid(df8243f589ac9524a979fd7a7c24a2f5) Importer(815301076,1909f56bfc062723c751e8b465ee728b)  -> (artifact id: '8191fef03c0b39ba7c726a6531b516f8') in 0.053163 seconds
  Import took 0.057218 seconds .

========================================================================
Received Import Request.
  Time since last request: 0.000457 seconds.
  path: Assets/Prefabs/DamageText.prefab
  artifactKey: Guid(6509ef1ecde3d6448a462c4e9b9e6f98) Importer(815301076,1909f56bfc062723c751e8b465ee728b)
Start importing Assets/Prefabs/DamageText.prefab using Guid(6509ef1ecde3d6448a462c4e9b9e6f98) Importer(815301076,1909f56bfc062723c751e8b465ee728b)  -> (artifact id: '28dd3c44ef413ffee32411f7115a8cef') in 0.038274 seconds
  Import took 0.042082 seconds .

========================================================================
Received Import Request.
  Time since last request: 0.000313 seconds.
  path: Assets/Prefabs/slotPrefab.prefab
  artifactKey: Guid(f1767d005f3f08c4295140f42abc3d78) Importer(815301076,1909f56bfc062723c751e8b465ee728b)
Start importing Assets/Prefabs/slotPrefab.prefab using Guid(f1767d005f3f08c4295140f42abc3d78) Importer(815301076,1909f56bfc062723c751e8b465ee728b)  -> (artifact id: '6c3e568b34987a37af5bb8715d8ff193') in 0.028431 seconds
  Import took 0.031460 seconds .

========================================================================
Received Import Request.
  Time since last request: 0.000329 seconds.
  path: Assets/Prefabs/HpBar.prefab
  artifactKey: Guid(fd227192e93d93e4194ed15724186042) Importer(815301076,1909f56bfc062723c751e8b465ee728b)
Start importing Assets/Prefabs/HpBar.prefab using Guid(fd227192e93d93e4194ed15724186042) Importer(815301076,1909f56bfc062723c751e8b465ee728b)  -> (artifact id: 'cb647a1f6a462ee016d40e40a135570d') in 0.021893 seconds
  Import took 0.024925 seconds .

========================================================================
Received Import Request.
  Time since last request: 1.792392 seconds.
  path: Assets/Scenes/LoadingScene.unity
  artifactKey: Guid(cacd80a5859d1714ca5f89e399e7386b) Importer(815301076,1909f56bfc062723c751e8b465ee728b)
Start importing Assets/Scenes/LoadingScene.unity using Guid(cacd80a5859d1714ca5f89e399e7386b) Importer(815301076,1909f56bfc062723c751e8b465ee728b)  -> (artifact id: 'bbb5a9bf1640dfadabf66cc6a3120f35') in 0.028772 seconds
  Import took 0.050901 seconds .

========================================================================
Received Import Request.
  Time since last request: 0.423733 seconds.
  path: Assets/Scenes/LobbyScene.unity
  artifactKey: Guid(0e9a6d01315d7fb448c8ea8e1985f585) Importer(815301076,1909f56bfc062723c751e8b465ee728b)
Start importing Assets/Scenes/LobbyScene.unity using Guid(0e9a6d01315d7fb448c8ea8e1985f585) Importer(815301076,1909f56bfc062723c751e8b465ee728b)  -> (artifact id: 'a3744a6eb6251e33e2e5c0b2491d2f89') in 0.038340 seconds
  Import took 0.043013 seconds .

========================================================================
Received Import Request.
  Time since last request: 0.576723 seconds.
  path: Assets/Scenes/TitleScene.unity
  artifactKey: Guid(9f184884bf439a745ac35464bda7f212) Importer(815301076,1909f56bfc062723c751e8b465ee728b)
Start importing Assets/Scenes/TitleScene.unity using Guid(9f184884bf439a745ac35464bda7f212) Importer(815301076,1909f56bfc062723c751e8b465ee728b)  -> (artifact id: '31c1b3bcb143faf6a9aa2df4f01dff69') in 0.008755 seconds
  Import took 0.011736 seconds .

========================================================================
Received Import Request.
  Time since last request: 0.543705 seconds.
  path: Assets/Scenes/FightScene.unity
  artifactKey: Guid(2cda990e2423bbf4892e6590ba056729) Importer(815301076,1909f56bfc062723c751e8b465ee728b)
Start importing Assets/Scenes/FightScene.unity using Guid(2cda990e2423bbf4892e6590ba056729) Importer(815301076,1909f56bfc062723c751e8b465ee728b)  -> (artifact id: '7e7dd30aa9fdf45c5d019389b638a4f2') in 0.010465 seconds
  Import took 0.013747 seconds .

========================================================================
Received Prepare
Registering precompiled user dll's ...
Registered in 0.001176 seconds.
Begin MonoManager ReloadAssembly
Native extension for WindowsStandalone target not found
Refreshing native plugins compatible for Editor in 0.39 ms, found 1 plugins.
Preloading 0 native plugins for Editor in 0.00 ms.
Mono: successfully reloaded assembly
- Completed reload, in  0.839 seconds
Platform modules already initialized, skipping
Refreshing native plugins compatible for Editor in 0.42 ms, found 1 plugins.
Preloading 0 native plugins for Editor in 0.00 ms.
Unloading 1918 Unused Serialized files (Serialized files now loaded: 0)
System memory in use before: 93.0 MB.
System memory in use after: 93.1 MB.

Unloading 7 unused Assets to reduce memory usage. Loaded Objects now: 2448.
Total: 2.155200 ms (FindLiveObjects: 0.157800 ms CreateObjectMapping: 0.053600 ms MarkObjects: 1.912900 ms  DeleteObjects: 0.029700 ms)

========================================================================
Received Import Request.
  Time since last request: 43.888511 seconds.
  path: Assets/Fonts/gulim.fontsettings
  artifactKey: Guid(d5e72cc6ce7cd194caafb2547988bfc4) Importer(815301076,1909f56bfc062723c751e8b465ee728b)
Start importing Assets/Fonts/gulim.fontsettings using Guid(d5e72cc6ce7cd194caafb2547988bfc4) Importer(815301076,1909f56bfc062723c751e8b465ee728b)  -> (artifact id: '64e07e04922bb14a09c39e376bb6a0fb') in 0.123616 seconds
  Import took 0.128253 seconds .

========================================================================
Received Import Request.
  Time since last request: 0.000311 seconds.
  path: Assets/Fonts/munro.ttf
  artifactKey: Guid(0159e916fefc32b4db3efc3040a424e0) Importer(815301076,1909f56bfc062723c751e8b465ee728b)
Start importing Assets/Fonts/munro.ttf using Guid(0159e916fefc32b4db3efc3040a424e0) Importer(815301076,1909f56bfc062723c751e8b465ee728b)  -> (artifact id: '124e0fab1468dd52308fd7144b289c04') in 0.120411 seconds
  Import took 0.123580 seconds .

========================================================================
Received Import Request.
  Time since last request: 0.000345 seconds.
  path: Assets/Fonts/gulim.mat
  artifactKey: Guid(9843401a87f422343b05b1976f45591c) Importer(815301076,1909f56bfc062723c751e8b465ee728b)
Start importing Assets/Fonts/gulim.mat using Guid(9843401a87f422343b05b1976f45591c) Importer(815301076,1909f56bfc062723c751e8b465ee728b)  -> (artifact id: '0d7b3093a43b6c20d238f5a606c238a9') in 0.062421 seconds
  Import took 0.066119 seconds .

========================================================================
Received Import Request.
  Time since last request: 0.000617 seconds.
  path: Assets/Fonts/gulim_anti.ttf
  artifactKey: Guid(f46a3241b1330bb489b8b299d1452e76) Importer(815301076,1909f56bfc062723c751e8b465ee728b)
Start importing Assets/Fonts/gulim_anti.ttf using Guid(f46a3241b1330bb489b8b299d1452e76) Importer(815301076,1909f56bfc062723c751e8b465ee728b)  -> (artifact id: 'fc8eb1305cb4f6a336ff5d0c36bcde2b') in 0.030628 seconds
  Import took 0.034146 seconds .

========================================================================
Received Import Request.
  Time since last request: 0.000322 seconds.
  path: Assets/Fonts/gulim_copy.png
  artifactKey: Guid(b9d9dd76e797eff4da1cf3bb89476871) Importer(815301076,1909f56bfc062723c751e8b465ee728b)
Start importing Assets/Fonts/gulim_copy.png using Guid(b9d9dd76e797eff4da1cf3bb89476871) Importer(815301076,1909f56bfc062723c751e8b465ee728b)  -> (artifact id: '23e8e6900e2476b9e91a8811428dd781') in 0.046021 seconds
  Import took 0.050419 seconds .

========================================================================
Received Prepare
Registering precompiled user dll's ...
Registered in 0.001314 seconds.
Begin MonoManager ReloadAssembly
Native extension for WindowsStandalone target not found
Refreshing native plugins compatible for Editor in 0.44 ms, found 1 plugins.
Preloading 0 native plugins for Editor in 0.00 ms.
Mono: successfully reloaded assembly
- Completed reload, in  0.955 seconds
Platform modules already initialized, skipping
Refreshing native plugins compatible for Editor in 0.39 ms, found 1 plugins.
Preloading 0 native plugins for Editor in 0.00 ms.
Unloading 1918 Unused Serialized files (Serialized files now loaded: 0)
System memory in use before: 93.4 MB.
System memory in use after: 93.5 MB.

Unloading 7 unused Assets to reduce memory usage. Loaded Objects now: 2490.
Total: 2.518900 ms (FindLiveObjects: 0.217800 ms CreateObjectMapping: 0.117800 ms MarkObjects: 2.166300 ms  DeleteObjects: 0.015400 ms)

========================================================================
Received Prepare
Registering precompiled user dll's ...
Registered in 0.001444 seconds.
Begin MonoManager ReloadAssembly
Native extension for WindowsStandalone target not found
Refreshing native plugins compatible for Editor in 0.38 ms, found 1 plugins.
Preloading 0 native plugins for Editor in 0.00 ms.
Mono: successfully reloaded assembly
- Completed reload, in  0.833 seconds
Platform modules already initialized, skipping
Refreshing native plugins compatible for Editor in 0.93 ms, found 1 plugins.
Preloading 0 native plugins for Editor in 0.00 ms.
Unloading 1918 Unused Serialized files (Serialized files now loaded: 0)
System memory in use before: 93.4 MB.
System memory in use after: 93.5 MB.

Unloading 7 unused Assets to reduce memory usage. Loaded Objects now: 2493.
Total: 2.593100 ms (FindLiveObjects: 0.159800 ms CreateObjectMapping: 0.058900 ms MarkObjects: 2.358800 ms  DeleteObjects: 0.014200 ms)

========================================================================
Received Import Request.
  Time since last request: 69.933206 seconds.
  path: Assets/Scenes/FightScene.unity
  artifactKey: Guid(2cda990e2423bbf4892e6590ba056729) Importer(815301076,1909f56bfc062723c751e8b465ee728b)
Start importing Assets/Scenes/FightScene.unity using Guid(2cda990e2423bbf4892e6590ba056729) Importer(815301076,1909f56bfc062723c751e8b465ee728b)  -> (artifact id: '055379b07a525f757bb1ca6d68899234') in 0.015546 seconds
  Import took 0.020145 seconds .

========================================================================
Received Prepare
Registering precompiled user dll's ...
Registered in 0.001502 seconds.
Begin MonoManager ReloadAssembly
Native extension for WindowsStandalone target not found
Refreshing native plugins compatible for Editor in 0.39 ms, found 1 plugins.
Preloading 0 native plugins for Editor in 0.00 ms.
Mono: successfully reloaded assembly
- Completed reload, in  0.843 seconds
Platform modules already initialized, skipping
Refreshing native plugins compatible for Editor in 0.38 ms, found 1 plugins.
Preloading 0 native plugins for Editor in 0.00 ms.
Unloading 1918 Unused Serialized files (Serialized files now loaded: 0)
System memory in use before: 93.4 MB.
System memory in use after: 93.5 MB.

Unloading 7 unused Assets to reduce memory usage. Loaded Objects now: 2496.
Total: 2.050000 ms (FindLiveObjects: 0.238700 ms CreateObjectMapping: 0.108400 ms MarkObjects: 1.670800 ms  DeleteObjects: 0.030300 ms)

========================================================================
Received Import Request.
  Time since last request: 46.813563 seconds.
  path: Assets/FreeParallax/Images/background_1_1422x640.png
  artifactKey: Guid(19d6605a4aa659843aa7ce3bf27a9853) Importer(815301076,1909f56bfc062723c751e8b465ee728b)
Start importing Assets/FreeParallax/Images/background_1_1422x640.png using Guid(19d6605a4aa659843aa7ce3bf27a9853) Importer(815301076,1909f56bfc062723c751e8b465ee728b)  -> (artifact id: '7e597e0983dd3cc8b191ce60641efea6') in 0.056762 seconds
  Import took 0.060362 seconds .

========================================================================
Received Import Request.
  Time since last request: 0.000309 seconds.
  path: Assets/FreeParallax/Images/foreground_2_1142x640png.png
  artifactKey: Guid(f9d168aba4d649f4db9108ddb1023415) Importer(815301076,1909f56bfc062723c751e8b465ee728b)
Start importing Assets/FreeParallax/Images/foreground_2_1142x640png.png using Guid(f9d168aba4d649f4db9108ddb1023415) Importer(815301076,1909f56bfc062723c751e8b465ee728b)  -> (artifact id: 'ee4b40d38b1b1b952afe70844349b522') in 0.024470 seconds
  Import took 0.028629 seconds .

========================================================================
Received Import Request.
  Time since last request: 0.000381 seconds.
  path: Assets/FreeParallax/Images/background_1_1422x768.png
  artifactKey: Guid(8a4e3faf33ddaf945b59cbfd87abc2e5) Importer(815301076,1909f56bfc062723c751e8b465ee728b)
Start importing Assets/FreeParallax/Images/background_1_1422x768.png using Guid(8a4e3faf33ddaf945b59cbfd87abc2e5) Importer(815301076,1909f56bfc062723c751e8b465ee728b)  -> (artifact id: '79755fa8a98a5c75066fdf12a8b2f659') in 0.021706 seconds
  Import took 0.027080 seconds .

========================================================================
Received Import Request.
  Time since last request: 0.000422 seconds.
  path: Assets/FreeParallax/Images/background_2_1422x640.png
  artifactKey: Guid(a27f3ec677e5887449bdbe137b1a51da) Importer(815301076,1909f56bfc062723c751e8b465ee728b)
Start importing Assets/FreeParallax/Images/background_2_1422x640.png using Guid(a27f3ec677e5887449bdbe137b1a51da) Importer(815301076,1909f56bfc062723c751e8b465ee728b)  -> (artifact id: '46f5763ebf14f0ce677b57189733f8ed') in 0.021843 seconds
  Import took 0.026463 seconds .

========================================================================
Received Import Request.
  Time since last request: 0.000355 seconds.
  path: Assets/FreeParallax/Images/planet.png
  artifactKey: Guid(fa21f71b008c50341b8588ad2b499193) Importer(815301076,1909f56bfc062723c751e8b465ee728b)
Start importing Assets/FreeParallax/Images/planet.png using Guid(fa21f71b008c50341b8588ad2b499193) Importer(815301076,1909f56bfc062723c751e8b465ee728b)  -> (artifact id: 'c394f6113b5c9b83c95db6a09163161b') in 0.024812 seconds
  Import took 0.029153 seconds .

========================================================================
Received Import Request.
  Time since last request: 0.000474 seconds.
  path: Assets/FreeParallax/Images/background_2_1422x768.png
  artifactKey: Guid(0887780cd1a017342af4af1b3b28c4a2) Importer(815301076,1909f56bfc062723c751e8b465ee728b)
Start importing Assets/FreeParallax/Images/background_2_1422x768.png using Guid(0887780cd1a017342af4af1b3b28c4a2) Importer(815301076,1909f56bfc062723c751e8b465ee728b)  -> (artifact id: '6a863c745c68abdb362b3ce022ecbf22') in 0.019922 seconds
  Import took 0.024403 seconds .

========================================================================
Received Import Request.
  Time since last request: 0.000250 seconds.
  path: Assets/FreeParallax/Images/StarField.jpg
  artifactKey: Guid(f8f61d6cae72d244aa8df55cefe5e612) Importer(815301076,1909f56bfc062723c751e8b465ee728b)
Start importing Assets/FreeParallax/Images/StarField.jpg using Guid(f8f61d6cae72d244aa8df55cefe5e612) Importer(815301076,1909f56bfc062723c751e8b465ee728b)  -> (artifact id: '4ead7dacbdd07ea55efd353573bb2815') in 0.024320 seconds
  Import took 0.027948 seconds .

========================================================================
Received Import Request.
  Time since last request: 0.000834 seconds.
  path: Assets/FreeParallax/Images/cloud_2.png
  artifactKey: Guid(74e53ce5367d73647b2b278ff656a19b) Importer(815301076,1909f56bfc062723c751e8b465ee728b)
Start importing Assets/FreeParallax/Images/cloud_2.png using Guid(74e53ce5367d73647b2b278ff656a19b) Importer(815301076,1909f56bfc062723c751e8b465ee728b)  -> (artifact id: '33029673cd767cad8d18385eacb1631c') in 0.018080 seconds
  Import took 0.021921 seconds .

========================================================================
Received Import Request.
  Time since last request: 0.000230 seconds.
  path: Assets/FreeParallax/Images/tree2@2x.png
  artifactKey: Guid(000a68c015431d742b285f3efd72edd3) Importer(815301076,1909f56bfc062723c751e8b465ee728b)
Start importing Assets/FreeParallax/Images/tree2@2x.png using Guid(000a68c015431d742b285f3efd72edd3) Importer(815301076,1909f56bfc062723c751e8b465ee728b)  -> (artifact id: 'c9c008f4e084271293ce9fd049a55698') in 0.018192 seconds
  Import took 0.021471 seconds .

========================================================================
Received Import Request.
  Time since last request: 0.000240 seconds.
  path: Assets/FreeParallax/Images/moon.png
  artifactKey: Guid(712158102dec9d941ac22892367c01cc) Importer(815301076,1909f56bfc062723c751e8b465ee728b)
Start importing Assets/FreeParallax/Images/moon.png using Guid(712158102dec9d941ac22892367c01cc) Importer(815301076,1909f56bfc062723c751e8b465ee728b)  -> (artifact id: 'adaab9e7851c6c83e3df2294b83074c3') in 0.023423 seconds
  Import took 0.027511 seconds .

========================================================================
Received Import Request.
  Time since last request: 0.000216 seconds.
  path: Assets/FreeParallax/Images/foreground_1_1422x768.png
  artifactKey: Guid(872ef9bbff5e5564ab5634722339f359) Importer(815301076,1909f56bfc062723c751e8b465ee728b)
Start importing Assets/FreeParallax/Images/foreground_1_1422x768.png using Guid(872ef9bbff5e5564ab5634722339f359) Importer(815301076,1909f56bfc062723c751e8b465ee728b)  -> (artifact id: '91634383e056830802b78d4e44c5baf0') in 0.035609 seconds
  Import took 0.039066 seconds .

========================================================================
Received Import Request.
  Time since last request: 0.000225 seconds.
  path: Assets/FreeParallax/Images/flowers@2x.png
  artifactKey: Guid(eab58ee56abc38a4c96a209627556ef3) Importer(815301076,1909f56bfc062723c751e8b465ee728b)
Start importing Assets/FreeParallax/Images/flowers@2x.png using Guid(eab58ee56abc38a4c96a209627556ef3) Importer(815301076,1909f56bfc062723c751e8b465ee728b)  -> (artifact id: '9de6db2238b1bffb3e463e2720b85e7b') in 0.018750 seconds
  Import took 0.022045 seconds .

========================================================================
Received Import Request.
  Time since last request: 0.000287 seconds.
  path: Assets/FreeParallax/Images/foreground_2_1422x768@2x.png
  artifactKey: Guid(8596aca3f69a1da4baf4917007837617) Importer(815301076,1909f56bfc062723c751e8b465ee728b)
Start importing Assets/FreeParallax/Images/foreground_2_1422x768@2x.png using Guid(8596aca3f69a1da4baf4917007837617) Importer(815301076,1909f56bfc062723c751e8b465ee728b)  -> (artifact id: '350069a596a1610de2422ae54eec486f') in 0.033055 seconds
  Import took 0.037415 seconds .

========================================================================
Received Import Request.
  Time since last request: 0.000120 seconds.
  path: Assets/FreeParallax/Images/foreground_2_1422x768.png
  artifactKey: Guid(0dff4b3a9443b2b4cb775cc2441efeff) Importer(815301076,1909f56bfc062723c751e8b465ee728b)
Start importing Assets/FreeParallax/Images/foreground_2_1422x768.png using Guid(0dff4b3a9443b2b4cb775cc2441efeff) Importer(815301076,1909f56bfc062723c751e8b465ee728b)  -> (artifact id: '002992ba24f583c9cc0073f70c602b6b') in 0.024801 seconds
  Import took 0.028856 seconds .

========================================================================
Received Import Request.
  Time since last request: 0.000259 seconds.
  path: Assets/FreeParallax/Images/background_2_1422x768@2x.png
  artifactKey: Guid(29c809636f7531e4a84335bbc7902f23) Importer(815301076,1909f56bfc062723c751e8b465ee728b)
Start importing Assets/FreeParallax/Images/background_2_1422x768@2x.png using Guid(29c809636f7531e4a84335bbc7902f23) Importer(815301076,1909f56bfc062723c751e8b465ee728b)  -> (artifact id: '6504360b35368273c875efe1770dfdcc') in 0.034143 seconds
  Import took 0.039951 seconds .

========================================================================
Received Import Request.
  Time since last request: 0.000232 seconds.
  path: Assets/FreeParallax/Images/cloud_1.png
  artifactKey: Guid(d1516578e38ab9f4c9aa7ba15d615056) Importer(815301076,1909f56bfc062723c751e8b465ee728b)
Start importing Assets/FreeParallax/Images/cloud_1.png using Guid(d1516578e38ab9f4c9aa7ba15d615056) Importer(815301076,1909f56bfc062723c751e8b465ee728b)  -> (artifact id: '632dfaf48c15fb67dfcc1a51ab15cb01') in 0.021292 seconds
  Import took 0.028293 seconds .

========================================================================
Received Import Request.
  Time since last request: 0.000791 seconds.
  path: Assets/FreeParallax/Images/background_1_1422x768@2x.png
  artifactKey: Guid(dd77802a932ef05469d4a155945bf1fb) Importer(815301076,1909f56bfc062723c751e8b465ee728b)
Start importing Assets/FreeParallax/Images/background_1_1422x768@2x.png using Guid(dd77802a932ef05469d4a155945bf1fb) Importer(815301076,1909f56bfc062723c751e8b465ee728b)  -> (artifact id: '86d16fe73970020dfa8ae1635988ee86') in 0.027988 seconds
  Import took 0.031246 seconds .

========================================================================
Received Import Request.
  Time since last request: 0.000251 seconds.
  path: Assets/FreeParallax/Images/foreground_1_1422x768@2x.png
  artifactKey: Guid(c39333cf59eb4464ca8c31d7f99c4c60) Importer(815301076,1909f56bfc062723c751e8b465ee728b)
Start importing Assets/FreeParallax/Images/foreground_1_1422x768@2x.png using Guid(c39333cf59eb4464ca8c31d7f99c4c60) Importer(815301076,1909f56bfc062723c751e8b465ee728b)  -> (artifact id: '88928b45f62e60d94183b588e0b0b219') in 0.033775 seconds
  Import took 0.037514 seconds .

========================================================================
Received Import Request.
  Time since last request: 0.000212 seconds.
  path: Assets/FreeParallax/Images/tree@2x.png
  artifactKey: Guid(329bbc42c42588949816dc976afe14d6) Importer(815301076,1909f56bfc062723c751e8b465ee728b)
Start importing Assets/FreeParallax/Images/tree@2x.png using Guid(329bbc42c42588949816dc976afe14d6) Importer(815301076,1909f56bfc062723c751e8b465ee728b)  -> (artifact id: 'f985a31c7bb1666a358bd2bb4fee1445') in 0.017328 seconds
  Import took 0.021807 seconds .

========================================================================
Received Import Request.
  Time since last request: 0.000136 seconds.
  path: Assets/FreeParallax/Images/foreground_1_1142x640.png
  artifactKey: Guid(23904a805cc1cf34b91d27bca44d471e) Importer(815301076,1909f56bfc062723c751e8b465ee728b)
Start importing Assets/FreeParallax/Images/foreground_1_1142x640.png using Guid(23904a805cc1cf34b91d27bca44d471e) Importer(815301076,1909f56bfc062723c751e8b465ee728b)  -> (artifact id: '38fa42d2689636e34047bedc7e2b66a0') in 0.028315 seconds
  Import took 0.032694 seconds .

========================================================================
Received Import Request.
  Time since last request: 0.000238 seconds.
  path: Assets/FreeParallax/Images/nebula.png
  artifactKey: Guid(7f08c07edbef6b749ae1da269d4363c0) Importer(815301076,1909f56bfc062723c751e8b465ee728b)
Start importing Assets/FreeParallax/Images/nebula.png using Guid(7f08c07edbef6b749ae1da269d4363c0) Importer(815301076,1909f56bfc062723c751e8b465ee728b)  -> (artifact id: '0f067a50d97e55a6555f07bf99464ead') in 0.023532 seconds
  Import took 0.027315 seconds .

========================================================================
Received Import Request.
  Time since last request: 0.000316 seconds.
  path: Assets/FreeParallax/Images/tree2.png
  artifactKey: Guid(7686ac1ae9c57c3409e26db08b7a3c6d) Importer(815301076,1909f56bfc062723c751e8b465ee728b)
Start importing Assets/FreeParallax/Images/tree2.png using Guid(7686ac1ae9c57c3409e26db08b7a3c6d) Importer(815301076,1909f56bfc062723c751e8b465ee728b)  -> (artifact id: '41d7d3276129f4c9255461aeb7d61de5') in 0.028557 seconds
  Import took 0.033231 seconds .

========================================================================
Received Import Request.
  Time since last request: 0.000283 seconds.
  path: Assets/FreeParallax/Images/top_green_stuff.png
  artifactKey: Guid(ba1e48d1688429646a6b3b41d3e49f3e) Importer(815301076,1909f56bfc062723c751e8b465ee728b)
Start importing Assets/FreeParallax/Images/top_green_stuff.png using Guid(ba1e48d1688429646a6b3b41d3e49f3e) Importer(815301076,1909f56bfc062723c751e8b465ee728b)  -> (artifact id: '0f34af7529fcda2fef135f0942c11679') in 0.019477 seconds
  Import took 0.023161 seconds .

========================================================================
Received Import Request.
  Time since last request: 0.000240 seconds.
  path: Assets/FreeParallax/Images/cloud_2@2x.png
  artifactKey: Guid(c7f347d6f769b194ebdf9eaa8afbe85f) Importer(815301076,1909f56bfc062723c751e8b465ee728b)
Start importing Assets/FreeParallax/Images/cloud_2@2x.png using Guid(c7f347d6f769b194ebdf9eaa8afbe85f) Importer(815301076,1909f56bfc062723c751e8b465ee728b)  -> (artifact id: '9f5b9a1205d4fe4ce9dda5c86e24caa1') in 0.019903 seconds
  Import took 0.024303 seconds .

========================================================================
Received Import Request.
  Time since last request: 0.000232 seconds.
  path: Assets/FreeParallax/Images/cloud_1@2x.png
  artifactKey: Guid(95518171841de9049935899672570a1e) Importer(815301076,1909f56bfc062723c751e8b465ee728b)
Start importing Assets/FreeParallax/Images/cloud_1@2x.png using Guid(95518171841de9049935899672570a1e) Importer(815301076,1909f56bfc062723c751e8b465ee728b)  -> (artifact id: '5b11b5046c3718aee44b6de6c982651e') in 0.017682 seconds
  Import took 0.022032 seconds .

========================================================================
Received Import Request.
  Time since last request: 0.000289 seconds.
  path: Assets/FreeParallax/Images/moon@2x.png
  artifactKey: Guid(4f1e4e073dd96b046b3125665e38cb43) Importer(815301076,1909f56bfc062723c751e8b465ee728b)
Start importing Assets/FreeParallax/Images/moon@2x.png using Guid(4f1e4e073dd96b046b3125665e38cb43) Importer(815301076,1909f56bfc062723c751e8b465ee728b)  -> (artifact id: 'ce6d5bfc882cfc959a31b7acfdf36b6f') in 0.020982 seconds
  Import took 0.024986 seconds .

========================================================================
Received Import Request.
  Time since last request: 0.000231 seconds.
  path: Assets/FreeParallax/Images/flowers.png
  artifactKey: Guid(015b147ef86c20e44ad27ced032d90bc) Importer(815301076,1909f56bfc062723c751e8b465ee728b)
Start importing Assets/FreeParallax/Images/flowers.png using Guid(015b147ef86c20e44ad27ced032d90bc) Importer(815301076,1909f56bfc062723c751e8b465ee728b)  -> (artifact id: '404c471f46f60e965889baad144e05c8') in 0.028039 seconds
  Import took 0.031945 seconds .

========================================================================
Received Import Request.
  Time since last request: 0.000239 seconds.
  path: Assets/FreeParallax/Images/tree.png
  artifactKey: Guid(70f213ede786863418d84da969d9d4ba) Importer(815301076,1909f56bfc062723c751e8b465ee728b)
Start importing Assets/FreeParallax/Images/tree.png using Guid(70f213ede786863418d84da969d9d4ba) Importer(815301076,1909f56bfc062723c751e8b465ee728b)  -> (artifact id: '18fbcf1d463e9e13fe4a69dad37788f3') in 0.018005 seconds
  Import took 0.022833 seconds .

========================================================================
Received Prepare
Registering precompiled user dll's ...
Registered in 0.001178 seconds.
Begin MonoManager ReloadAssembly
Native extension for WindowsStandalone target not found
Refreshing native plugins compatible for Editor in 0.41 ms, found 1 plugins.
Preloading 0 native plugins for Editor in 0.00 ms.
Mono: successfully reloaded assembly
- Completed reload, in  0.842 seconds
Platform modules already initialized, skipping
Refreshing native plugins compatible for Editor in 0.41 ms, found 1 plugins.
Preloading 0 native plugins for Editor in 0.00 ms.
Unloading 1918 Unused Serialized files (Serialized files now loaded: 0)
System memory in use before: 93.4 MB.
System memory in use after: 93.5 MB.

Unloading 7 unused Assets to reduce memory usage. Loaded Objects now: 2517.
Total: 2.827100 ms (FindLiveObjects: 0.515300 ms CreateObjectMapping: 0.348200 ms MarkObjects: 1.933800 ms  DeleteObjects: 0.028700 ms)

========================================================================
Received Prepare
Registering precompiled user dll's ...
Registered in 0.001317 seconds.
Begin MonoManager ReloadAssembly
Native extension for WindowsStandalone target not found
Refreshing native plugins compatible for Editor in 0.39 ms, found 1 plugins.
Preloading 0 native plugins for Editor in 0.00 ms.
Mono: successfully reloaded assembly
- Completed reload, in  0.825 seconds
Platform modules already initialized, skipping
Refreshing native plugins compatible for Editor in 0.57 ms, found 1 plugins.
Preloading 0 native plugins for Editor in 0.00 ms.
Unloading 1918 Unused Serialized files (Serialized files now loaded: 0)
System memory in use before: 93.4 MB.
System memory in use after: 93.6 MB.

Unloading 7 unused Assets to reduce memory usage. Loaded Objects now: 2520.
Total: 3.025800 ms (FindLiveObjects: 0.306100 ms CreateObjectMapping: 0.204000 ms MarkObjects: 2.497500 ms  DeleteObjects: 0.017000 ms)

========================================================================
Received Import Request.
  Time since last request: 84.154282 seconds.
  path: Assets/Scenes/FightScene.unity
  artifactKey: Guid(2cda990e2423bbf4892e6590ba056729) Importer(815301076,1909f56bfc062723c751e8b465ee728b)
Start importing Assets/Scenes/FightScene.unity using Guid(2cda990e2423bbf4892e6590ba056729) Importer(815301076,1909f56bfc062723c751e8b465ee728b)  -> (artifact id: '756bd265cc9916e1dcecb95589d61d29') in 0.403580 seconds
  Import took 0.408232 seconds .

========================================================================
Received Prepare
Registering precompiled user dll's ...
Registered in 0.001268 seconds.
Begin MonoManager ReloadAssembly
Native extension for WindowsStandalone target not found
Refreshing native plugins compatible for Editor in 0.39 ms, found 1 plugins.
Preloading 0 native plugins for Editor in 0.00 ms.
Mono: successfully reloaded assembly
- Completed reload, in  0.942 seconds
Platform modules already initialized, skipping
Refreshing native plugins compatible for Editor in 0.38 ms, found 1 plugins.
Preloading 0 native plugins for Editor in 0.00 ms.
Unloading 1918 Unused Serialized files (Serialized files now loaded: 0)
System memory in use before: 93.5 MB.
System memory in use after: 93.6 MB.

Unloading 7 unused Assets to reduce memory usage. Loaded Objects now: 2523.
Total: 2.114600 ms (FindLiveObjects: 0.201400 ms CreateObjectMapping: 0.059500 ms MarkObjects: 1.824900 ms  DeleteObjects: 0.027600 ms)

========================================================================
Received Prepare
Registering precompiled user dll's ...
Registered in 0.001209 seconds.
Begin MonoManager ReloadAssembly
Native extension for WindowsStandalone target not found
Refreshing native plugins compatible for Editor in 0.38 ms, found 1 plugins.
Preloading 0 native plugins for Editor in 0.00 ms.
Mono: successfully reloaded assembly
- Completed reload, in  0.855 seconds
Platform modules already initialized, skipping
Refreshing native plugins compatible for Editor in 0.38 ms, found 1 plugins.
Preloading 0 native plugins for Editor in 0.00 ms.
Unloading 1918 Unused Serialized files (Serialized files now loaded: 0)
System memory in use before: 93.5 MB.
System memory in use after: 93.6 MB.

Unloading 7 unused Assets to reduce memory usage. Loaded Objects now: 2526.
Total: 1.918800 ms (FindLiveObjects: 0.176300 ms CreateObjectMapping: 0.058400 ms MarkObjects: 1.653900 ms  DeleteObjects: 0.028600 ms)

========================================================================
Received Prepare
Registering precompiled user dll's ...
Registered in 0.001286 seconds.
Begin MonoManager ReloadAssembly
Native extension for WindowsStandalone target not found
Refreshing native plugins compatible for Editor in 0.44 ms, found 1 plugins.
Preloading 0 native plugins for Editor in 0.00 ms.
Mono: successfully reloaded assembly
- Completed reload, in  0.838 seconds
Platform modules already initialized, skipping
Refreshing native plugins compatible for Editor in 0.38 ms, found 1 plugins.
Preloading 0 native plugins for Editor in 0.00 ms.
Unloading 1918 Unused Serialized files (Serialized files now loaded: 0)
System memory in use before: 93.5 MB.
System memory in use after: 93.6 MB.

Unloading 7 unused Assets to reduce memory usage. Loaded Objects now: 2529.
Total: 1.783400 ms (FindLiveObjects: 0.159100 ms CreateObjectMapping: 0.053300 ms MarkObjects: 1.556200 ms  DeleteObjects: 0.013700 ms)

========================================================================
Received Import Request.
  Time since last request: 118.349327 seconds.
  path: Assets/Scenes/FightScene.unity
  artifactKey: Guid(2cda990e2423bbf4892e6590ba056729) Importer(815301076,1909f56bfc062723c751e8b465ee728b)
Start importing Assets/Scenes/FightScene.unity using Guid(2cda990e2423bbf4892e6590ba056729) Importer(815301076,1909f56bfc062723c751e8b465ee728b)  -> (artifact id: 'b9f624b2df27a1e19efd74efe8e47c96') in 0.016778 seconds
  Import took 0.020062 seconds .

========================================================================
Received Prepare
Registering precompiled user dll's ...
Registered in 0.001322 seconds.
Begin MonoManager ReloadAssembly
Native extension for WindowsStandalone target not found
Refreshing native plugins compatible for Editor in 0.40 ms, found 1 plugins.
Preloading 0 native plugins for Editor in 0.00 ms.
Mono: successfully reloaded assembly
- Completed reload, in  0.835 seconds
Platform modules already initialized, skipping
Refreshing native plugins compatible for Editor in 0.45 ms, found 1 plugins.
Preloading 0 native plugins for Editor in 0.00 ms.
Unloading 1918 Unused Serialized files (Serialized files now loaded: 0)
System memory in use before: 93.5 MB.
System memory in use after: 93.6 MB.

Unloading 7 unused Assets to reduce memory usage. Loaded Objects now: 2532.
Total: 2.090900 ms (FindLiveObjects: 0.240500 ms CreateObjectMapping: 0.098000 ms MarkObjects: 1.722700 ms  DeleteObjects: 0.028600 ms)

========================================================================
Received Prepare
Registering precompiled user dll's ...
Registered in 0.001279 seconds.
Begin MonoManager ReloadAssembly
Native extension for WindowsStandalone target not found
Refreshing native plugins compatible for Editor in 0.37 ms, found 1 plugins.
Preloading 0 native plugins for Editor in 0.00 ms.
Mono: successfully reloaded assembly
- Completed reload, in  0.844 seconds
Platform modules already initialized, skipping
Refreshing native plugins compatible for Editor in 0.41 ms, found 1 plugins.
Preloading 0 native plugins for Editor in 0.00 ms.
Unloading 1918 Unused Serialized files (Serialized files now loaded: 0)
System memory in use before: 93.5 MB.
System memory in use after: 93.6 MB.

Unloading 7 unused Assets to reduce memory usage. Loaded Objects now: 2535.
Total: 2.354900 ms (FindLiveObjects: 0.270000 ms CreateObjectMapping: 0.116700 ms MarkObjects: 1.949200 ms  DeleteObjects: 0.017000 ms)

========================================================================
Received Prepare
Registering precompiled user dll's ...
Registered in 0.001220 seconds.
Begin MonoManager ReloadAssembly
Native extension for WindowsStandalone target not found
Refreshing native plugins compatible for Editor in 0.39 ms, found 1 plugins.
Preloading 0 native plugins for Editor in 0.00 ms.
Mono: successfully reloaded assembly
- Completed reload, in  0.784 seconds
Platform modules already initialized, skipping
Refreshing native plugins compatible for Editor in 0.38 ms, found 1 plugins.
Preloading 0 native plugins for Editor in 0.00 ms.
Unloading 1918 Unused Serialized files (Serialized files now loaded: 0)
System memory in use before: 93.5 MB.
System memory in use after: 93.6 MB.

Unloading 7 unused Assets to reduce memory usage. Loaded Objects now: 2538.
Total: 3.183200 ms (FindLiveObjects: 0.324500 ms CreateObjectMapping: 0.143200 ms MarkObjects: 2.669800 ms  DeleteObjects: 0.043500 ms)

========================================================================
Received Prepare
Registering precompiled user dll's ...
Registered in 0.001424 seconds.
Begin MonoManager ReloadAssembly
Native extension for WindowsStandalone target not found
Refreshing native plugins compatible for Editor in 0.49 ms, found 1 plugins.
Preloading 0 native plugins for Editor in 0.00 ms.
Mono: successfully reloaded assembly
- Completed reload, in  0.853 seconds
Platform modules already initialized, skipping
Refreshing native plugins compatible for Editor in 0.39 ms, found 1 plugins.
Preloading 0 native plugins for Editor in 0.00 ms.
Unloading 1918 Unused Serialized files (Serialized files now loaded: 0)
System memory in use before: 93.5 MB.
System memory in use after: 93.6 MB.

Unloading 7 unused Assets to reduce memory usage. Loaded Objects now: 2541.
Total: 2.927700 ms (FindLiveObjects: 0.344500 ms CreateObjectMapping: 0.168400 ms MarkObjects: 2.396900 ms  DeleteObjects: 0.016800 ms)

========================================================================
Received Prepare
Registering precompiled user dll's ...
Registered in 0.001341 seconds.
Begin MonoManager ReloadAssembly
Native extension for WindowsStandalone target not found
Refreshing native plugins compatible for Editor in 0.62 ms, found 1 plugins.
Preloading 0 native plugins for Editor in 0.00 ms.
Mono: successfully reloaded assembly
- Completed reload, in  0.862 seconds
Platform modules already initialized, skipping
Refreshing native plugins compatible for Editor in 0.39 ms, found 1 plugins.
Preloading 0 native plugins for Editor in 0.00 ms.
Unloading 1918 Unused Serialized files (Serialized files now loaded: 0)
System memory in use before: 93.5 MB.
System memory in use after: 93.6 MB.

Unloading 7 unused Assets to reduce memory usage. Loaded Objects now: 2544.
Total: 3.106700 ms (FindLiveObjects: 0.201700 ms CreateObjectMapping: 0.077500 ms MarkObjects: 2.796200 ms  DeleteObjects: 0.030000 ms)

========================================================================
Received Prepare
Registering precompiled user dll's ...
Registered in 0.001240 seconds.
Begin MonoManager ReloadAssembly
Native extension for WindowsStandalone target not found
Refreshing native plugins compatible for Editor in 0.39 ms, found 1 plugins.
Preloading 0 native plugins for Editor in 0.00 ms.
Mono: successfully reloaded assembly
- Completed reload, in  0.812 seconds
Platform modules already initialized, skipping
Refreshing native plugins compatible for Editor in 0.47 ms, found 1 plugins.
Preloading 0 native plugins for Editor in 0.00 ms.
Unloading 1918 Unused Serialized files (Serialized files now loaded: 0)
System memory in use before: 93.5 MB.
System memory in use after: 93.6 MB.

Unloading 7 unused Assets to reduce memory usage. Loaded Objects now: 2547.
Total: 2.178000 ms (FindLiveObjects: 0.247200 ms CreateObjectMapping: 0.170700 ms MarkObjects: 1.730200 ms  DeleteObjects: 0.028600 ms)

========================================================================
Received Prepare
Registering precompiled user dll's ...
Registered in 0.001572 seconds.
Begin MonoManager ReloadAssembly
Native extension for WindowsStandalone target not found
Refreshing native plugins compatible for Editor in 0.44 ms, found 1 plugins.
Preloading 0 native plugins for Editor in 0.00 ms.
Mono: successfully reloaded assembly
- Completed reload, in  0.863 seconds
Platform modules already initialized, skipping
Refreshing native plugins compatible for Editor in 0.38 ms, found 1 plugins.
Preloading 0 native plugins for Editor in 0.00 ms.
Unloading 1918 Unused Serialized files (Serialized files now loaded: 0)
System memory in use before: 93.5 MB.
System memory in use after: 93.6 MB.

Unloading 7 unused Assets to reduce memory usage. Loaded Objects now: 2550.
Total: 2.469400 ms (FindLiveObjects: 0.587700 ms CreateObjectMapping: 0.163300 ms MarkObjects: 1.685900 ms  DeleteObjects: 0.031300 ms)

========================================================================
Received Prepare
Registering precompiled user dll's ...
Registered in 0.001197 seconds.
Begin MonoManager ReloadAssembly
Native extension for WindowsStandalone target not found
Refreshing native plugins compatible for Editor in 0.45 ms, found 1 plugins.
Preloading 0 native plugins for Editor in 0.00 ms.
Mono: successfully reloaded assembly
- Completed reload, in  0.850 seconds
Platform modules already initialized, skipping
Refreshing native plugins compatible for Editor in 0.39 ms, found 1 plugins.
Preloading 0 native plugins for Editor in 0.00 ms.
Unloading 1918 Unused Serialized files (Serialized files now loaded: 0)
System memory in use before: 93.5 MB.
System memory in use after: 93.7 MB.

Unloading 7 unused Assets to reduce memory usage. Loaded Objects now: 2553.
Total: 2.858900 ms (FindLiveObjects: 0.354200 ms CreateObjectMapping: 0.159700 ms MarkObjects: 2.312900 ms  DeleteObjects: 0.030300 ms)

========================================================================
Received Prepare
Registering precompiled user dll's ...
Registered in 0.001277 seconds.
Begin MonoManager ReloadAssembly
Native extension for WindowsStandalone target not found
Refreshing native plugins compatible for Editor in 0.44 ms, found 1 plugins.
Preloading 0 native plugins for Editor in 0.00 ms.
Mono: successfully reloaded assembly
- Completed reload, in  0.870 seconds
Platform modules already initialized, skipping
Refreshing native plugins compatible for Editor in 0.39 ms, found 1 plugins.
Preloading 0 native plugins for Editor in 0.00 ms.
Unloading 1918 Unused Serialized files (Serialized files now loaded: 0)
System memory in use before: 93.5 MB.
System memory in use after: 93.7 MB.

Unloading 7 unused Assets to reduce memory usage. Loaded Objects now: 2556.
Total: 2.253900 ms (FindLiveObjects: 0.270600 ms CreateObjectMapping: 0.059700 ms MarkObjects: 1.894100 ms  DeleteObjects: 0.028200 ms)

========================================================================
Received Prepare
Registering precompiled user dll's ...
Registered in 0.001181 seconds.
Begin MonoManager ReloadAssembly
Native extension for WindowsStandalone target not found
Refreshing native plugins compatible for Editor in 0.47 ms, found 1 plugins.
Preloading 0 native plugins for Editor in 0.00 ms.
Mono: successfully reloaded assembly
- Completed reload, in  0.826 seconds
Platform modules already initialized, skipping
Refreshing native plugins compatible for Editor in 0.38 ms, found 1 plugins.
Preloading 0 native plugins for Editor in 0.00 ms.
Unloading 1918 Unused Serialized files (Serialized files now loaded: 0)
System memory in use before: 93.5 MB.
System memory in use after: 93.7 MB.

Unloading 7 unused Assets to reduce memory usage. Loaded Objects now: 2559.
Total: 2.014900 ms (FindLiveObjects: 0.171000 ms CreateObjectMapping: 0.059300 ms MarkObjects: 1.756200 ms  DeleteObjects: 0.027200 ms)

========================================================================
Received Prepare
Registering precompiled user dll's ...
Registered in 0.001548 seconds.
Begin MonoManager ReloadAssembly
Native extension for WindowsStandalone target not found
Refreshing native plugins compatible for Editor in 0.44 ms, found 1 plugins.
Preloading 0 native plugins for Editor in 0.00 ms.
Mono: successfully reloaded assembly
- Completed reload, in  0.822 seconds
Platform modules already initialized, skipping
Refreshing native plugins compatible for Editor in 0.38 ms, found 1 plugins.
Preloading 0 native plugins for Editor in 0.00 ms.
Unloading 1918 Unused Serialized files (Serialized files now loaded: 0)
System memory in use before: 93.6 MB.
System memory in use after: 93.7 MB.

Unloading 7 unused Assets to reduce memory usage. Loaded Objects now: 2562.
Total: 3.403300 ms (FindLiveObjects: 0.376900 ms CreateObjectMapping: 0.173600 ms MarkObjects: 2.837300 ms  DeleteObjects: 0.013400 ms)

========================================================================
Received Import Request.
  Time since last request: 288.989373 seconds.
  path: Assets/FreeParallax/Readme.txt
  artifactKey: Guid(fba61f4534b05b149b757888f4e48011) Importer(815301076,1909f56bfc062723c751e8b465ee728b)
Start importing Assets/FreeParallax/Readme.txt using Guid(fba61f4534b05b149b757888f4e48011) Importer(815301076,1909f56bfc062723c751e8b465ee728b)  -> (artifact id: '78cb390b1c72c24bd7d8d08e808e96b0') in 0.110684 seconds
  Import took 0.114111 seconds .

========================================================================
Received Import Request.
  Time since last request: 0.001447 seconds.
  path: Assets/FreeParallax/Readme.txt
  artifactKey: Guid(fba61f4534b05b149b757888f4e48011) Importer(815301076,1909f56bfc062723c751e8b465ee728b)
Start importing Assets/FreeParallax/Readme.txt using Guid(fba61f4534b05b149b757888f4e48011) Importer(815301076,1909f56bfc062723c751e8b465ee728b)  -> (artifact id: '78cb390b1c72c24bd7d8d08e808e96b0') in 0.006429 seconds
  Import took 0.010041 seconds .

========================================================================
Received Prepare
Registering precompiled user dll's ...
Registered in 0.001475 seconds.
Begin MonoManager ReloadAssembly
Native extension for WindowsStandalone target not found
Refreshing native plugins compatible for Editor in 0.49 ms, found 1 plugins.
Preloading 0 native plugins for Editor in 0.00 ms.
Mono: successfully reloaded assembly
- Completed reload, in  1.348 seconds
Platform modules already initialized, skipping
Refreshing native plugins compatible for Editor in 0.38 ms, found 1 plugins.
Preloading 0 native plugins for Editor in 0.00 ms.
Unloading 1918 Unused Serialized files (Serialized files now loaded: 0)
System memory in use before: 93.6 MB.
System memory in use after: 93.7 MB.

Unloading 7 unused Assets to reduce memory usage. Loaded Objects now: 2565.
Total: 1.904900 ms (FindLiveObjects: 0.167400 ms CreateObjectMapping: 0.082800 ms MarkObjects: 1.639900 ms  DeleteObjects: 0.013800 ms)

========================================================================
Received Prepare
Registering precompiled user dll's ...
Registered in 0.001312 seconds.
Begin MonoManager ReloadAssembly
Native extension for WindowsStandalone target not found
Refreshing native plugins compatible for Editor in 0.38 ms, found 1 plugins.
Preloading 0 native plugins for Editor in 0.00 ms.
Mono: successfully reloaded assembly
- Completed reload, in  0.889 seconds
Platform modules already initialized, skipping
Refreshing native plugins compatible for Editor in 0.43 ms, found 1 plugins.
Preloading 0 native plugins for Editor in 0.00 ms.
Unloading 1918 Unused Serialized files (Serialized files now loaded: 0)
System memory in use before: 93.6 MB.
System memory in use after: 93.7 MB.

Unloading 7 unused Assets to reduce memory usage. Loaded Objects now: 2568.
Total: 2.197700 ms (FindLiveObjects: 0.255300 ms CreateObjectMapping: 0.068600 ms MarkObjects: 1.813500 ms  DeleteObjects: 0.058400 ms)

========================================================================
Received Prepare
Registering precompiled user dll's ...
Registered in 0.003155 seconds.
Begin MonoManager ReloadAssembly
Native extension for WindowsStandalone target not found
Refreshing native plugins compatible for Editor in 1.17 ms, found 1 plugins.
Preloading 0 native plugins for Editor in 0.00 ms.
Mono: successfully reloaded assembly
- Completed reload, in  2.287 seconds
Platform modules already initialized, skipping
Refreshing native plugins compatible for Editor in 0.39 ms, found 1 plugins.
Preloading 0 native plugins for Editor in 0.00 ms.
Unloading 1918 Unused Serialized files (Serialized files now loaded: 0)
System memory in use before: 93.6 MB.
System memory in use after: 93.7 MB.

Unloading 7 unused Assets to reduce memory usage. Loaded Objects now: 2571.
Total: 2.460800 ms (FindLiveObjects: 0.418800 ms CreateObjectMapping: 0.222900 ms MarkObjects: 1.794800 ms  DeleteObjects: 0.018500 ms)

========================================================================
Received Prepare
Registering precompiled user dll's ...
Registered in 0.004894 seconds.
Begin MonoManager ReloadAssembly
Native extension for WindowsStandalone target not found
Refreshing native plugins compatible for Editor in 1.82 ms, found 1 plugins.
Preloading 0 native plugins for Editor in 0.00 ms.
Mono: successfully reloaded assembly
- Completed reload, in  2.083 seconds
Platform modules already initialized, skipping
Refreshing native plugins compatible for Editor in 0.70 ms, found 1 plugins.
Preloading 0 native plugins for Editor in 0.00 ms.
Unloading 1918 Unused Serialized files (Serialized files now loaded: 0)
System memory in use before: 93.6 MB.
System memory in use after: 93.7 MB.

Unloading 7 unused Assets to reduce memory usage. Loaded Objects now: 2574.
Total: 4.186200 ms (FindLiveObjects: 0.561100 ms CreateObjectMapping: 0.278700 ms MarkObjects: 3.320600 ms  DeleteObjects: 0.022500 ms)

========================================================================
Received Prepare
Registering precompiled user dll's ...
Registered in 0.001222 seconds.
Begin MonoManager ReloadAssembly
Native extension for WindowsStandalone target not found
Refreshing native plugins compatible for Editor in 0.39 ms, found 1 plugins.
Preloading 0 native plugins for Editor in 0.00 ms.
Mono: successfully reloaded assembly
- Completed reload, in  0.845 seconds
Platform modules already initialized, skipping
Refreshing native plugins compatible for Editor in 0.39 ms, found 1 plugins.
Preloading 0 native plugins for Editor in 0.00 ms.
Unloading 1918 Unused Serialized files (Serialized files now loaded: 0)
System memory in use before: 93.6 MB.
System memory in use after: 93.7 MB.

Unloading 7 unused Assets to reduce memory usage. Loaded Objects now: 2577.
Total: 1.956100 ms (FindLiveObjects: 0.196200 ms CreateObjectMapping: 0.067700 ms MarkObjects: 1.660600 ms  DeleteObjects: 0.030400 ms)

========================================================================
Received Prepare
Registering precompiled user dll's ...
Registered in 0.003629 seconds.
Begin MonoManager ReloadAssembly
Native extension for WindowsStandalone target not found
Refreshing native plugins compatible for Editor in 0.46 ms, found 1 plugins.
Preloading 0 native plugins for Editor in 0.00 ms.
Mono: successfully reloaded assembly
- Completed reload, in  0.858 seconds
Platform modules already initialized, skipping
Refreshing native plugins compatible for Editor in 0.38 ms, found 1 plugins.
Preloading 0 native plugins for Editor in 0.00 ms.
Unloading 1918 Unused Serialized files (Serialized files now loaded: 0)
System memory in use before: 93.6 MB.
System memory in use after: 93.7 MB.

Unloading 7 unused Assets to reduce memory usage. Loaded Objects now: 2580.
Total: 2.686200 ms (FindLiveObjects: 0.407400 ms CreateObjectMapping: 0.131000 ms MarkObjects: 2.129400 ms  DeleteObjects: 0.016800 ms)

========================================================================
Received Import Request.
  Time since last request: 624.492951 seconds.
  path: Assets/Scripts/Camera/CameraShake.cs
  artifactKey: Guid(9b79e4be096e1a74eb34ea9fe4818da0) Importer(815301076,1909f56bfc062723c751e8b465ee728b)
Start importing Assets/Scripts/Camera/CameraShake.cs using Guid(9b79e4be096e1a74eb34ea9fe4818da0) Importer(815301076,1909f56bfc062723c751e8b465ee728b)  -> (artifact id: '7291729334850f238a605cae3234ceb9') in 0.008294 seconds
  Import took 0.012030 seconds .

========================================================================
Received Import Request.
  Time since last request: 0.000566 seconds.
  path: Assets/Scripts/Camera/CameraShake.cs
  artifactKey: Guid(9b79e4be096e1a74eb34ea9fe4818da0) Importer(815301076,1909f56bfc062723c751e8b465ee728b)
Start importing Assets/Scripts/Camera/CameraShake.cs using Guid(9b79e4be096e1a74eb34ea9fe4818da0) Importer(815301076,1909f56bfc062723c751e8b465ee728b)  -> (artifact id: '7291729334850f238a605cae3234ceb9') in 0.006419 seconds
  Import took 0.010214 seconds .

========================================================================
Received Import Request.
  Time since last request: 0.897019 seconds.
  path: Assets/Scripts/Camera/CamaraManager.cs
  artifactKey: Guid(859a747c7fd3e414aa980f0c2e35730e) Importer(815301076,1909f56bfc062723c751e8b465ee728b)
Start importing Assets/Scripts/Camera/CamaraManager.cs using Guid(859a747c7fd3e414aa980f0c2e35730e) Importer(815301076,1909f56bfc062723c751e8b465ee728b)  -> (artifact id: '68de506c0e4212a26b721a4dc646e284') in 0.098252 seconds
  Import took 0.104136 seconds .

========================================================================
Received Prepare
Registering precompiled user dll's ...
Registered in 0.001173 seconds.
Begin MonoManager ReloadAssembly
Native extension for WindowsStandalone target not found
Refreshing native plugins compatible for Editor in 0.40 ms, found 1 plugins.
Preloading 0 native plugins for Editor in 0.00 ms.
Mono: successfully reloaded assembly
- Completed reload, in  0.909 seconds
Platform modules already initialized, skipping
Refreshing native plugins compatible for Editor in 0.40 ms, found 1 plugins.
Preloading 0 native plugins for Editor in 0.00 ms.
Unloading 1918 Unused Serialized files (Serialized files now loaded: 0)
System memory in use before: 93.6 MB.
System memory in use after: 93.7 MB.

Unloading 7 unused Assets to reduce memory usage. Loaded Objects now: 2583.
Total: 2.006100 ms (FindLiveObjects: 0.192700 ms CreateObjectMapping: 0.069300 ms MarkObjects: 1.728000 ms  DeleteObjects: 0.014900 ms)

========================================================================
Received Import Request.
  Time since last request: 75.537058 seconds.
  path: Assets/Scripts/Camera/CamaraManager.cs
  artifactKey: Guid(859a747c7fd3e414aa980f0c2e35730e) Importer(815301076,1909f56bfc062723c751e8b465ee728b)
Start importing Assets/Scripts/Camera/CamaraManager.cs using Guid(859a747c7fd3e414aa980f0c2e35730e) Importer(815301076,1909f56bfc062723c751e8b465ee728b)  -> (artifact id: 'e98c625f7dc7d0207aeb643e4650c64a') in 0.016677 seconds
  Import took 0.022507 seconds .

========================================================================
Received Import Request.
  Time since last request: 20.340138 seconds.
  path: Assets/FreeParallax/Scripts/FreeParallaxDemo.cs
  artifactKey: Guid(b411bf996d92b68428909e875813f5b1) Importer(815301076,1909f56bfc062723c751e8b465ee728b)
Start importing Assets/FreeParallax/Scripts/FreeParallaxDemo.cs using Guid(b411bf996d92b68428909e875813f5b1) Importer(815301076,1909f56bfc062723c751e8b465ee728b)  -> (artifact id: '06d980ec1eb29a7a319e383f6da6a06f') in 0.007350 seconds
  Import took 0.011382 seconds .

========================================================================
Received Import Request.
  Time since last request: 0.001671 seconds.
  path: Assets/FreeParallax/Scripts/FreeParallaxDemo.cs
  artifactKey: Guid(b411bf996d92b68428909e875813f5b1) Importer(815301076,1909f56bfc062723c751e8b465ee728b)
Start importing Assets/FreeParallax/Scripts/FreeParallaxDemo.cs using Guid(b411bf996d92b68428909e875813f5b1) Importer(815301076,1909f56bfc062723c751e8b465ee728b)  -> (artifact id: '06d980ec1eb29a7a319e383f6da6a06f') in 0.006599 seconds
  Import took 0.010910 seconds .

AssetImportWorkerClient::OnTransportError - code=2 error=End of file
